05 Dec 2016, 20:23:12.823 [   INFO] [   FXGL.SystemLogger] [JavaFX Application Thread] System Logger is initialized
05 Dec 2016, 20:23:12.833 [  FINER] [   FXGL.SystemLogger] [JavaFX Application Thread] Logging System Info
05 Dec 2016, 20:23:12.834 [  FINER] [   FXGL.SystemLogger] [JavaFX Application Thread] CPU cores: 8
05 Dec 2016, 20:23:12.837 [  FINER] [   FXGL.SystemLogger] [JavaFX Application Thread] Free Memory: 171MB
05 Dec 2016, 20:23:12.837 [  FINER] [   FXGL.SystemLogger] [JavaFX Application Thread] Max Memory: 2729MB
05 Dec 2016, 20:23:12.838 [  FINER] [   FXGL.SystemLogger] [JavaFX Application Thread] Total Memory: 184MB
05 Dec 2016, 20:23:12.840 [  FINER] [   FXGL.SystemLogger] [JavaFX Application Thread] System Properties:
05 Dec 2016, 20:23:12.841 [  FINER] [   FXGL.SystemLogger] [JavaFX Application Thread] sun.cpu.isalist=amd64
05 Dec 2016, 20:23:12.842 [  FINER] [   FXGL.SystemLogger] [JavaFX Application Thread] sun.desktop=windows
05 Dec 2016, 20:23:12.842 [  FINER] [   FXGL.SystemLogger] [JavaFX Application Thread] sun.io.unicode.encoding=UnicodeLittle
05 Dec 2016, 20:23:12.842 [  FINER] [   FXGL.SystemLogger] [JavaFX Application Thread] sun.cpu.endian=little
05 Dec 2016, 20:23:12.843 [  FINER] [   FXGL.SystemLogger] [JavaFX Application Thread] java.vendor.url.bug=http://bugreport.sun.com/bugreport/
05 Dec 2016, 20:23:12.843 [  FINER] [   FXGL.SystemLogger] [JavaFX Application Thread] file.separator=\
05 Dec 2016, 20:23:12.843 [  FINER] [   FXGL.SystemLogger] [JavaFX Application Thread] java.vendor=Oracle Corporation
05 Dec 2016, 20:23:12.844 [  FINER] [   FXGL.SystemLogger] [JavaFX Application Thread] sun.boot.class.path=C:\Program Files\Java\jdk1.8.0_91\jre\lib\resources.jar;C:\Program Files\Java\jdk1.8.0_91\jre\lib\rt.jar;C:\Program Files\Java\jdk1.8.0_91\jre\lib\sunrsasign.jar;C:\Program Files\Java\jdk1.8.0_91\jre\lib\jsse.jar;C:\Program Files\Java\jdk1.8.0_91\jre\lib\jce.jar;C:\Program Files\Java\jdk1.8.0_91\jre\lib\charsets.jar;C:\Program Files\Java\jdk1.8.0_91\jre\lib\jfr.jar;C:\Program Files\Java\jdk1.8.0_91\jre\classes
05 Dec 2016, 20:23:12.844 [  FINER] [   FXGL.SystemLogger] [JavaFX Application Thread] java.ext.dirs=C:\Program Files\Java\jdk1.8.0_91\jre\lib\ext;C:\WINDOWS\Sun\Java\lib\ext
05 Dec 2016, 20:23:12.844 [  FINER] [   FXGL.SystemLogger] [JavaFX Application Thread] java.version=1.8.0_91
05 Dec 2016, 20:23:12.844 [  FINER] [   FXGL.SystemLogger] [JavaFX Application Thread] java.vm.info=mixed mode
05 Dec 2016, 20:23:12.844 [  FINER] [   FXGL.SystemLogger] [JavaFX Application Thread] awt.toolkit=sun.awt.windows.WToolkit
05 Dec 2016, 20:23:12.845 [  FINER] [   FXGL.SystemLogger] [JavaFX Application Thread] user.language=en
05 Dec 2016, 20:23:12.845 [  FINER] [   FXGL.SystemLogger] [JavaFX Application Thread] java.specification.vendor=Oracle Corporation
05 Dec 2016, 20:23:12.845 [  FINER] [   FXGL.SystemLogger] [JavaFX Application Thread] sun.java.command=com.tylere.drop.Drop
05 Dec 2016, 20:23:12.845 [  FINER] [   FXGL.SystemLogger] [JavaFX Application Thread] java.home=C:\Program Files\Java\jdk1.8.0_91\jre
05 Dec 2016, 20:23:12.846 [  FINER] [   FXGL.SystemLogger] [JavaFX Application Thread] sun.arch.data.model=64
05 Dec 2016, 20:23:12.846 [  FINER] [   FXGL.SystemLogger] [JavaFX Application Thread] java.vm.specification.version=1.8
05 Dec 2016, 20:23:12.846 [  FINER] [   FXGL.SystemLogger] [JavaFX Application Thread] java.class.path=C:\Users\Shane\Downloads\FXGL-0.2.8-uber.jar;C:\Users\Shane\Documents\NetBeansProjects\Drop\build\classes
05 Dec 2016, 20:23:12.846 [  FINER] [   FXGL.SystemLogger] [JavaFX Application Thread] user.name=Shane
05 Dec 2016, 20:23:12.847 [  FINER] [   FXGL.SystemLogger] [JavaFX Application Thread] file.encoding=UTF-8
05 Dec 2016, 20:23:12.847 [  FINER] [   FXGL.SystemLogger] [JavaFX Application Thread] java.specification.version=1.8
05 Dec 2016, 20:23:12.847 [  FINER] [   FXGL.SystemLogger] [JavaFX Application Thread] java.awt.printerjob=sun.awt.windows.WPrinterJob
05 Dec 2016, 20:23:12.848 [  FINER] [   FXGL.SystemLogger] [JavaFX Application Thread] user.timezone=America/New_York
05 Dec 2016, 20:23:12.848 [  FINER] [   FXGL.SystemLogger] [JavaFX Application Thread] user.home=C:\Users\Shane
05 Dec 2016, 20:23:12.848 [  FINER] [   FXGL.SystemLogger] [JavaFX Application Thread] os.version=10.0
05 Dec 2016, 20:23:12.849 [  FINER] [   FXGL.SystemLogger] [JavaFX Application Thread] sun.management.compiler=HotSpot 64-Bit Tiered Compilers
05 Dec 2016, 20:23:12.849 [  FINER] [   FXGL.SystemLogger] [JavaFX Application Thread] java.specification.name=Java Platform API Specification
05 Dec 2016, 20:23:12.849 [  FINER] [   FXGL.SystemLogger] [JavaFX Application Thread] java.class.version=52.0
05 Dec 2016, 20:23:12.849 [  FINER] [   FXGL.SystemLogger] [JavaFX Application Thread] java.library.path=C:\Program Files\Java\jdk1.8.0_91\bin;C:\WINDOWS\Sun\Java\bin;C:\WINDOWS\system32;C:\WINDOWS;C:\ProgramData\Oracle\Java\javapath;C:\Program Files (x86)\NVIDIA Corporation\PhysX\Common;C:\Program Files (x86)\AMD APP\bin\x86_64;C:\Program Files (x86)\AMD APP\bin\x86;C:\Ruby22-x64\bin;C:\Program Files (x86)\ActiveState Komodo IDE 8\;C:\PROGRAM FILES\COMMON FILES\MICROSOFT SHARED\WINDOWS LIVE;C:\PROGRAM FILES (X86)\COMMON FILES\MICROSOFT SHARED\WINDOWS LIVE;C:\WINDOWS\SYSTEM32;C:\WINDOWS;C:\WINDOWS\SYSTEM32\WBEM;C:\WINDOWS\SYSTEM32\WINDOWSPOWERSHELL\V1.0\;C:\PROGRAM FILES (X86)\ATI TECHNOLOGIES\ATI.ACE\CORE-STATIC;C:\PROGRAM FILES (X86)\WINDOWS LIVE\SHARED;C:\PROGRAM FILES (X86)\COMMON FILES\ROXIO SHARED\OEM\DLLSHARED\;C:\PROGRAM FILES (X86)\COMMON FILES\ROXIO SHARED\OEM\12.0\DLLSHARED\;C:\PROGRAM FILES (X86)\ROXIO\OEM\AUDIOCORE\;C:\PROGRAM FILES\MICROSOFT\WEB PLATFORM INSTALLER\;C:\PROGRAM FILES (X86)\MICROSOFT ASP.NET\ASP.NET WEB PAGES\V1.0\;C:\PROGRAM FILES (X86)\WINDOWS KITS\8.0\WINDOWS PERFORMANCE TOOLKIT\;C:\PROGRAM FILES\MICROSOFT SQL SERVER\110\TOOLS\BINN\;C:\PROGRAM FILES\COMMON FILES\AUTODESK SHARED\;C:\Program Files\WIDCOMM\Bluetooth Software\;C:\Program Files\WIDCOMM\Bluetooth Software\syswow64;"c:\Program Files (x86)\Java\jre7\bin";C:\Program Files (x86)\QuickTime\QTSystem\;C:\Program Files (x86)\AMD\ATI.ACE\Core-Static;C:\Program Files (x86)\Common Files\Acronis\SnapAPI\;C:\Program Files (x86)\nodejs\;C:\Program Files\Calibre2\;C:\Program Files (x86)\Microsoft SQL Server\100\Tools\Binn\;C:\Program Files\Microsoft SQL Server\100\Tools\Binn\;C:\Program Files\Microsoft SQL Server\100\DTS\Binn\;C:\Program Files (x86)\GtkSharp\2.12\bin;C:\WINDOWS\system32;C:\WINDOWS;C:\WINDOWS\System32\Wbem;C:\WINDOWS\System32\WindowsPowerShell\v1.0\;C:\Program Files (x86)\Autodesk\Backburner\;C:\Program Files (x86)\ATI Technologies\ATI.ACE\Core-Static;C:\Users\Shane\Documents\AMD\ATI.ACE\Core-Static;C:\Program Files (x86)\Skype\Phone\;C:\Program Files (x86)\Extensis\Suitcase Fusion 6\;C:\Users\Shane\AppData\Local\Programs\Git\cmd;C:\Program Files (x86)\Brackets\command;C:\Users\Shane\AppData\Local\Programs\Python\Python35-32\Scripts\;C:\Users\Shane\AppData\Local\Programs\Python\Python35-32\;C:\Users\Shane\AppData\Roaming\npm;C:\Users\Shane\AppData\Local\atom\bin;C:\Users\Shane\AppData\Local\Code\bin;%USERPROFILE%\AppData\Local\Microsoft\WindowsApps;;.
05 Dec 2016, 20:23:12.850 [  FINER] [   FXGL.SystemLogger] [JavaFX Application Thread] sun.jnu.encoding=Cp1252
05 Dec 2016, 20:23:12.850 [  FINER] [   FXGL.SystemLogger] [JavaFX Application Thread] os.name=Windows 10
05 Dec 2016, 20:23:12.850 [  FINER] [   FXGL.SystemLogger] [JavaFX Application Thread] user.variant=
05 Dec 2016, 20:23:12.851 [  FINER] [   FXGL.SystemLogger] [JavaFX Application Thread] java.vm.specification.vendor=Oracle Corporation
05 Dec 2016, 20:23:12.851 [  FINER] [   FXGL.SystemLogger] [JavaFX Application Thread] java.io.tmpdir=C:\Users\Shane\AppData\Local\Temp\
05 Dec 2016, 20:23:12.851 [  FINER] [   FXGL.SystemLogger] [JavaFX Application Thread] line.separator=

05 Dec 2016, 20:23:12.852 [  FINER] [   FXGL.SystemLogger] [JavaFX Application Thread] java.endorsed.dirs=C:\Program Files\Java\jdk1.8.0_91\jre\lib\endorsed
05 Dec 2016, 20:23:12.852 [  FINER] [   FXGL.SystemLogger] [JavaFX Application Thread] os.arch=amd64
05 Dec 2016, 20:23:12.852 [  FINER] [   FXGL.SystemLogger] [JavaFX Application Thread] javafx.runtime.version=8.0.91-b14
05 Dec 2016, 20:23:12.852 [  FINER] [   FXGL.SystemLogger] [JavaFX Application Thread] java.awt.graphicsenv=sun.awt.Win32GraphicsEnvironment
05 Dec 2016, 20:23:12.853 [  FINER] [   FXGL.SystemLogger] [JavaFX Application Thread] java.runtime.version=1.8.0_91-b15
05 Dec 2016, 20:23:12.853 [  FINER] [   FXGL.SystemLogger] [JavaFX Application Thread] java.vm.specification.name=Java Virtual Machine Specification
05 Dec 2016, 20:23:12.853 [  FINER] [   FXGL.SystemLogger] [JavaFX Application Thread] user.dir=C:\Users\Shane\Documents\NetBeansProjects\Drop
05 Dec 2016, 20:23:12.853 [  FINER] [   FXGL.SystemLogger] [JavaFX Application Thread] user.country=US
05 Dec 2016, 20:23:12.854 [  FINER] [   FXGL.SystemLogger] [JavaFX Application Thread] user.script=
05 Dec 2016, 20:23:12.854 [  FINER] [   FXGL.SystemLogger] [JavaFX Application Thread] sun.java.launcher=SUN_STANDARD
05 Dec 2016, 20:23:12.854 [  FINER] [   FXGL.SystemLogger] [JavaFX Application Thread] sun.os.patch.level=
05 Dec 2016, 20:23:12.855 [  FINER] [   FXGL.SystemLogger] [JavaFX Application Thread] java.vm.name=Java HotSpot(TM) 64-Bit Server VM
05 Dec 2016, 20:23:12.855 [  FINER] [   FXGL.SystemLogger] [JavaFX Application Thread] file.encoding.pkg=sun.io
05 Dec 2016, 20:23:12.855 [  FINER] [   FXGL.SystemLogger] [JavaFX Application Thread] path.separator=;
05 Dec 2016, 20:23:12.855 [  FINER] [   FXGL.SystemLogger] [JavaFX Application Thread] java.vm.vendor=Oracle Corporation
05 Dec 2016, 20:23:12.856 [  FINER] [   FXGL.SystemLogger] [JavaFX Application Thread] java.vendor.url=http://java.oracle.com/
05 Dec 2016, 20:23:12.856 [  FINER] [   FXGL.SystemLogger] [JavaFX Application Thread] sun.boot.library.path=C:\Program Files\Java\jdk1.8.0_91\jre\bin
05 Dec 2016, 20:23:12.856 [  FINER] [   FXGL.SystemLogger] [JavaFX Application Thread] java.vm.version=25.91-b15
05 Dec 2016, 20:23:12.856 [  FINER] [   FXGL.SystemLogger] [JavaFX Application Thread] java.runtime.name=Java(TM) SE Runtime Environment
05 Dec 2016, 20:23:12.857 [  FINER] [   FXGL.SystemLogger] [JavaFX Application Thread] javafx.version=8.0.91
05 Dec 2016, 20:23:12.860 [   INFO] [   FXGL.SystemLogger] [JavaFX Application Thread] FXGL-0.2.8
05 Dec 2016, 20:23:12.861 [   INFO] [   FXGL.SystemLogger] [JavaFX Application Thread] Source code and latest versions at: https://github.com/AlmasB/FXGL
05 Dec 2016, 20:23:12.861 [   INFO] [   FXGL.SystemLogger] [JavaFX Application Thread]              Join the FXGL chat at: https://gitter.im/AlmasB/FXGL
05 Dec 2016, 20:23:12.867 [  FINER] [   FXGL.SystemLogger] [JavaFX Application Thread] Starting JavaFX
05 Dec 2016, 20:23:12.868 [  FINER] [   FXGL.SystemLogger] [          JavaFX-Launcher] Initializing FXGL
05 Dec 2016, 20:23:12.891 [  FINER] [   FXGL.SystemLogger] [JavaFX Application Thread] Starting FXGL
05 Dec 2016, 20:23:13.161 [  FINER] [   FXGL.SystemLogger] [     FXGL Launcher Thread] Configuring FXGL
05 Dec 2016, 20:23:13.161 [  FINER] [   FXGL.SystemLogger] [     FXGL Launcher Thread] Initializing system properties
05 Dec 2016, 20:23:13.185 [  FINER] [   FXGL.SystemLogger] [     FXGL Launcher Thread] sound.notification = system/notification.wav
05 Dec 2016, 20:23:13.185 [  FINER] [   FXGL.SystemLogger] [     FXGL Launcher Thread] url.storage = https://raw.githubusercontent.com/AlmasB/git-server/master/storage/
05 Dec 2016, 20:23:13.185 [  FINER] [   FXGL.SystemLogger] [     FXGL Launcher Thread] asset.cache.size = 35
05 Dec 2016, 20:23:13.186 [  FINER] [   FXGL.SystemLogger] [     FXGL Launcher Thread] fs.profiledir = profiles/
05 Dec 2016, 20:23:13.186 [  FINER] [   FXGL.SystemLogger] [     FXGL Launcher Thread] url.pom = https://raw.githubusercontent.com/AlmasB/FXGL/master/pom.xml
05 Dec 2016, 20:23:13.186 [  FINER] [   FXGL.SystemLogger] [     FXGL Launcher Thread] fs.datafile.ext = .dat
05 Dec 2016, 20:23:13.186 [  FINER] [   FXGL.SystemLogger] [     FXGL Launcher Thread] sound.menu.back = menu/back.wav
05 Dec 2016, 20:23:13.186 [  FINER] [   FXGL.SystemLogger] [     FXGL Launcher Thread] sound.menu.select = menu/select.wav
05 Dec 2016, 20:23:13.187 [  FINER] [   FXGL.SystemLogger] [     FXGL Launcher Thread] url.github = https://github.com/AlmasB/FXGL
05 Dec 2016, 20:23:13.187 [  FINER] [   FXGL.SystemLogger] [     FXGL Launcher Thread] physics.ppm = 50.0
05 Dec 2016, 20:23:13.187 [  FINER] [   FXGL.SystemLogger] [     FXGL Launcher Thread] ui.css = fxgl.css
05 Dec 2016, 20:23:13.187 [  FINER] [   FXGL.SystemLogger] [     FXGL Launcher Thread] version.check.days = 7
05 Dec 2016, 20:23:13.188 [  FINER] [   FXGL.SystemLogger] [     FXGL Launcher Thread] fs.savefile.ext = .sav
05 Dec 2016, 20:23:13.188 [  FINER] [   FXGL.SystemLogger] [     FXGL Launcher Thread] pooling.initialSize = 128
05 Dec 2016, 20:23:13.189 [  FINER] [   FXGL.SystemLogger] [     FXGL Launcher Thread] ui.font = Copperplate_Gothic_Light_Regular.ttf
05 Dec 2016, 20:23:13.189 [  FINER] [   FXGL.SystemLogger] [     FXGL Launcher Thread] fs.savedir = saves/
05 Dec 2016, 20:23:13.189 [  FINER] [   FXGL.SystemLogger] [     FXGL Launcher Thread] fs.profilename = user.profile
05 Dec 2016, 20:23:13.190 [  FINER] [   FXGL.SystemLogger] [     FXGL Launcher Thread] ui.icon.name = fxgl_icon.png
05 Dec 2016, 20:23:13.190 [  FINER] [   FXGL.SystemLogger] [     FXGL Launcher Thread] sound.menu.press = menu/press.wav
05 Dec 2016, 20:23:13.190 [  FINER] [   FXGL.SystemLogger] [     FXGL Launcher Thread] Initializing user properties
05 Dec 2016, 20:23:13.190 [   INFO] [   FXGL.SystemLogger] [     FXGL Launcher Thread] User properties not found. Using system
05 Dec 2016, 20:23:13.191 [  FINER] [   FXGL.SystemLogger] [     FXGL Launcher Thread] Initializing app settings
05 Dec 2016, 20:23:13.197 [  FINER] [   FXGL.SystemLogger] [     FXGL Launcher Thread] Logging settings
Title: Untitled
Version: 0.0
Width: 480
Height: 800
Fullscreen: false
Intro: false
Menus: false
Profiling: false
App Mode: DEVELOPER
Menu Style: FXGL_DEFAULT
Menu Key: ESCAPE
Services: []
05 Dec 2016, 20:23:13.829 [  FINER] [   FXGL.SystemLogger] [     FXGL Launcher Thread] FXGL configuration complete
05 Dec 2016, 20:23:13.829 [   INFO] [   FXGL.SystemLogger] [     FXGL Launcher Thread] FXGL configuration took:  0.668 sec
05 Dec 2016, 20:23:13.839 [  FINER] [   FXGL.SystemLogger] [JavaFX Application Thread] Running task: UpdaterTask
05 Dec 2016, 20:23:13.843 [  FINER] [   FXGL.SystemLogger] [     FXGL Launcher Thread] Running task: PreInitTask
05 Dec 2016, 20:23:13.917 [  FINER] [   FXGL.SystemLogger] [     FXGL Launcher Thread] Running task: InitScenesTask
05 Dec 2016, 20:23:14.116 [  FINER] [   FXGL.SystemLogger] [     FXGL Launcher Thread] Running task: InitEventHandlersTask
05 Dec 2016, 20:23:14.162 [  FINER] [   FXGL.SystemLogger] [     FXGL Launcher Thread] Running task: InitProfilerTask
05 Dec 2016, 20:23:14.167 [  FINER] [   FXGL.SystemLogger] [     FXGL Launcher Thread] Pausing main loop
05 Dec 2016, 20:23:14.170 [  FINER] [   FXGL.SystemLogger] [     FXGL Launcher Thread] Resetting FXGL application
05 Dec 2016, 20:23:14.266 [   INFO] [   FXGL.SystemLogger] [     FXGL Launcher Thread] Game configuration took:  0.423 sec
05 Dec 2016, 20:23:14.301 [   INFO] [   FXGL.SystemLogger] [ FXGL Background Thread 1] Game initialization took: 0.034 sec
05 Dec 2016, 20:23:14.400 [  FINER] [   FXGL.SystemLogger] [JavaFX Application Thread] Resuming main loop
05 Dec 2016, 20:23:20.896 [  FINER] [   FXGL.SystemLogger] [JavaFX Application Thread] Exiting Normally
05 Dec 2016, 20:23:20.903 [  FINER] [   FXGL.SystemLogger] [JavaFX Application Thread] Exiting FXGL
05 Dec 2016, 20:23:20.903 [  FINER] [   FXGL.SystemLogger] [JavaFX Application Thread] Logger is closing
