20:23:27.932 [FXGL Launcher Thread     ] DEBUG FXGLLoggerFactory    - Service [LoggerFactory] initialized
20:23:27.936 [FXGL Launcher Thread     ] DEBUG FXGL                 - FXGL configuration complete
20:23:27.937 [FXGL Launcher Thread     ] DEBUG FXGL                 - Loading FXGL system data
20:23:27.940 [FXGL Launcher Thread     ] DEBUG IOTask               - Executing task: readDataTask(system/fxgl.bundle)
20:23:27.943 [FXGL Launcher Thread     ] DEBUG FS                   - Reading from: system\fxgl.bundle
20:23:27.948 [FXGL Launcher Thread     ] DEBUG IOTask               - Task succeeded: readDataTask(system/fxgl.bundle)
20:23:27.949 [FXGL Launcher Thread     ] DEBUG Bundle               - Logging bundle: FXGL
20:23:27.949 [FXGL Launcher Thread     ] DEBUG Bundle               - FXGL.offline.timer.version.check=2016-12-05T18:04:06.819
20:23:27.960 [FXGL Launcher Thread     ] DEBUG GameApplication      - Configuring GameApplication
20:23:27.963 [FXGL Launcher Thread     ] DEBUG FXGLExceptionHandler - Service [ExceptionHandler] initialized
20:23:27.964 [FXGL Launcher Thread     ] DEBUG FXGLEventBus         - Service [EventBus] initialized
20:23:27.967 [FXGL Launcher Thread     ] DEBUG FXGLExecutor         - Service [Executor] initialized
20:23:27.967 [FXGL Launcher Thread     ] DEBUG PreInitTask          - Injecting gameWorld & physicsWorld
20:23:27.971 [FXGL Launcher Thread     ] DEBUG GameWorld            - Game world initialized
20:23:28.011 [FXGL Launcher Thread     ] DEBUG FXGLPooler           - Service [Pooler] initialized with default size = 128
20:23:28.011 [FXGL Launcher Thread     ] DEBUG PhysicsWorld         - Physics world initialized: appHeight=800.0, physics.ppm=50.0
20:23:28.012 [FXGL Launcher Thread     ] DEBUG FXGLInput            - Service [Input] initialized
20:23:28.031 [FXGL Launcher Thread     ] DEBUG FXGLInput            - Registered new binding: Screenshot - P
20:23:28.031 [FXGL Launcher Thread     ] DEBUG FXGLInput            - Registered new binding: Dev Options - CTRL+0
20:23:28.031 [FXGL Launcher Thread     ] DEBUG FXGLInput            - Registered new binding: Move Left - A
20:23:28.031 [FXGL Launcher Thread     ] DEBUG FXGLInput            - Registered new binding: Move Right - D
20:23:28.060 [FXGL Launcher Thread     ] DEBUG GameScene            - Game scene initialized: 480.0x800.0
20:23:28.066 [FXGL Launcher Thread     ] DEBUG FXGLAssetLoader      - Service [AssetLoader] initialized: cacheSize=35
20:23:28.069 [FXGL Launcher Thread     ] DEBUG FXGLAssetLoader      - Loading from disk: /assets/sounds/system/notification.wav
20:23:28.103 [FXGL Launcher Thread     ] DEBUG FXGLAssetLoader      - Loading from disk: /assets/sounds/menu/select.wav
20:23:28.104 [FXGL Launcher Thread     ] DEBUG FXGLAssetLoader      - Loading from disk: /assets/sounds/menu/back.wav
20:23:28.107 [FXGL Launcher Thread     ] DEBUG FXGLAssetLoader      - Loading from disk: /assets/sounds/menu/press.wav
20:23:28.109 [FXGL Launcher Thread     ] DEBUG FXGLAssetLoader      - Loading from disk: /assets/ui/fonts/Copperplate_Gothic_Light_Regular.ttf
20:23:28.195 [FXGL Launcher Thread     ] DEBUG FXGLAssetLoader      - Loading from disk: /assets/ui/css/fxgl.css
20:23:28.195 [FXGL Launcher Thread     ] DEBUG FXGLAssetLoader      - Loading from disk: /assets/ui/icons/fxgl_icon.png
20:23:28.230 [FXGL Launcher Thread     ] DEBUG FXGLAssetLoader      - Loading from disk: /assets/ui/css/fxgl_dark.css
20:23:28.238 [FXGL Launcher Thread     ] DEBUG FXGLDisplay          - Target size: DoubleProperty [value: 480.0] x DoubleProperty [value: 800.0] @ 1.0
20:23:28.238 [FXGL Launcher Thread     ] DEBUG FXGLDisplay          - New size:    480.0 x 800.0 @ DoubleProperty [value: 1.0]
20:23:28.239 [FXGL Launcher Thread     ] DEBUG FXGLDisplay          - Service [Display] initialized
20:23:28.239 [FXGL Launcher Thread     ] DEBUG FXGLDisplay          - Using CSS: CSS(externalForm=jar:file:/C:/Users/Shane/Downloads/FXGL-0.2.8-uber.jar!/assets/ui/css/fxgl_dark.css)
20:23:28.240 [FXGL Launcher Thread     ] DEBUG InitScenesTask       - Injecting loadingScene & gameScene
20:23:28.280 [FXGL Launcher Thread     ] DEBUG FXGLMasterTimer      - Service [MasterTimer] initialized
20:23:28.282 [FXGL Launcher Thread     ] DEBUG FXGLAudioPlayer      - Service [AudioPlayer] initialized
20:23:28.290 [FXGL Launcher Thread     ] DEBUG GameApplication      - Starting new game
20:23:28.292 [FXGL Launcher Thread     ] DEBUG GameApplication      - Initializing App
20:23:28.293 [FXGL Launcher Thread     ] DEBUG FXGLInput            - Clearing active input actions
20:23:28.293 [FXGL Launcher Thread     ] DEBUG FXGLMasterTimer      - Stopping master timer
20:23:28.293 [FXGL Launcher Thread     ] DEBUG GameApplication      - State: STARTUP -> PAUSED
20:23:28.294 [FXGL Launcher Thread     ] DEBUG FXGLEventBus         - Firing event: FXGLEvent[type=PAUSE]
20:23:28.295 [FXGL Launcher Thread     ] DEBUG FXGLInput            - Clearing active input actions
20:23:28.295 [FXGL Launcher Thread     ] DEBUG FXGLMasterTimer      - Resetting ticks and clearing all actions
20:23:28.295 [FXGL Launcher Thread     ] DEBUG GameWorld            - Resetting game world
20:23:28.295 [FXGL Launcher Thread     ] TRACE EntityWorld          - Resetting entity world
20:23:28.296 [FXGL Launcher Thread     ] DEBUG PhysicsWorld         - Resetting physics world
20:23:28.296 [FXGL Launcher Thread     ] DEBUG GameScene            - Resetting game scene
20:23:28.296 [FXGL Launcher Thread     ] DEBUG FXGLEventBus         - Firing event: FXGLEvent[type=RESET]
20:23:28.362 [FXGL Launcher Thread     ] DEBUG GameApplication      - State: PAUSED -> LOADING
20:23:28.393 [FXGL Background Thread 1 ] DEBUG InitAppTask          - Initializing Assets
20:23:28.394 [FXGL Background Thread 1 ] DEBUG InitAppTask          - Initializing Game
20:23:28.409 [FXGL Background Thread 1 ] DEBUG FXGLAssetLoader      - Loading from disk: /assets/textures/bucket.png
20:23:28.419 [FXGL Background Thread 1 ] DEBUG InitAppTask          - Initializing Physics
20:23:28.420 [FXGL Background Thread 1 ] DEBUG InitAppTask          - Initializing UI
20:23:28.420 [FXGL Background Thread 1 ] DEBUG InitAppTask          - Initialization Complete
20:23:28.464 [JavaFX Application Thread] DEBUG FXGLDisplay          - Showing stage
20:23:28.464 [JavaFX Application Thread] DEBUG FXGLDisplay          - Root size: 480.0x800.0
20:23:28.464 [JavaFX Application Thread] DEBUG FXGLDisplay          - Scene size: 480.0x800.0
20:23:28.464 [JavaFX Application Thread] DEBUG FXGLDisplay          - Stage size: 496.0x839.0
20:23:28.525 [JavaFX Application Thread] DEBUG FXGLInput            - Clearing active input actions
20:23:28.525 [JavaFX Application Thread] DEBUG FXGLMasterTimer      - Starting master timer
20:23:28.526 [JavaFX Application Thread] DEBUG GameApplication      - State: LOADING -> PLAYING
20:23:28.532 [JavaFX Application Thread] DEBUG FXGLEventBus         - Firing event: FXGLEvent[type=RESUME]
20:23:28.536 [JavaFX Application Thread] DEBUG GameScene            - Entity added to scene
20:23:28.537 [JavaFX Application Thread] DEBUG GameScene            - Added MainViewComponent
20:23:28.540 [JavaFX Application Thread] DEBUG GameScene            - Creating render group for layer: TOP(2147483647)
20:23:29.607 [JavaFX Application Thread] DEBUG FXGLAssetLoader      - Loading from disk: /assets/textures/droplet.png
20:23:29.610 [JavaFX Application Thread] DEBUG GameScene            - Entity added to scene
20:23:29.610 [JavaFX Application Thread] DEBUG GameScene            - Added MainViewComponent
20:23:30.640 [JavaFX Application Thread] DEBUG FXGLAssetLoader      - Loading from cache: /assets/textures/droplet.png
20:23:30.641 [JavaFX Application Thread] DEBUG GameScene            - Entity added to scene
20:23:30.641 [JavaFX Application Thread] DEBUG GameScene            - Added MainViewComponent
20:23:31.674 [JavaFX Application Thread] DEBUG FXGLAssetLoader      - Loading from cache: /assets/textures/droplet.png
20:23:31.675 [JavaFX Application Thread] DEBUG GameScene            - Entity added to scene
20:23:31.675 [JavaFX Application Thread] DEBUG GameScene            - Added MainViewComponent
20:23:32.357 [JavaFX Application Thread] DEBUG GameScene            - Entity removed from scene
20:23:32.357 [JavaFX Application Thread] DEBUG GameScene            - Removed MainViewComponent
20:23:32.706 [JavaFX Application Thread] DEBUG FXGLAssetLoader      - Loading from cache: /assets/textures/droplet.png
20:23:32.707 [JavaFX Application Thread] DEBUG GameScene            - Entity added to scene
20:23:32.707 [JavaFX Application Thread] DEBUG GameScene            - Added MainViewComponent
20:23:33.390 [JavaFX Application Thread] DEBUG GameScene            - Entity removed from scene
20:23:33.391 [JavaFX Application Thread] DEBUG GameScene            - Removed MainViewComponent
20:23:33.740 [JavaFX Application Thread] DEBUG FXGLAssetLoader      - Loading from cache: /assets/textures/droplet.png
20:23:33.741 [JavaFX Application Thread] DEBUG GameScene            - Entity added to scene
20:23:33.742 [JavaFX Application Thread] DEBUG GameScene            - Added MainViewComponent
20:23:34.440 [JavaFX Application Thread] DEBUG GameScene            - Entity removed from scene
20:23:34.440 [JavaFX Application Thread] DEBUG GameScene            - Removed MainViewComponent
20:23:34.774 [JavaFX Application Thread] DEBUG FXGLAssetLoader      - Loading from cache: /assets/textures/droplet.png
20:23:34.774 [JavaFX Application Thread] DEBUG GameScene            - Entity added to scene
20:23:34.774 [JavaFX Application Thread] DEBUG GameScene            - Added MainViewComponent
20:23:35.457 [JavaFX Application Thread] DEBUG GameScene            - Entity removed from scene
20:23:35.457 [JavaFX Application Thread] DEBUG GameScene            - Removed MainViewComponent
20:23:35.807 [JavaFX Application Thread] DEBUG FXGLAssetLoader      - Loading from cache: /assets/textures/droplet.png
20:23:35.809 [JavaFX Application Thread] DEBUG GameScene            - Entity added to scene
20:23:35.809 [JavaFX Application Thread] DEBUG GameScene            - Added MainViewComponent
20:23:36.489 [JavaFX Application Thread] DEBUG GameScene            - Entity removed from scene
20:23:36.490 [JavaFX Application Thread] DEBUG GameScene            - Removed MainViewComponent
20:23:36.840 [JavaFX Application Thread] DEBUG FXGLAssetLoader      - Loading from cache: /assets/textures/droplet.png
20:23:36.841 [JavaFX Application Thread] DEBUG GameScene            - Entity added to scene
20:23:36.841 [JavaFX Application Thread] DEBUG GameScene            - Added MainViewComponent
20:23:37.523 [JavaFX Application Thread] DEBUG GameScene            - Entity removed from scene
20:23:37.524 [JavaFX Application Thread] DEBUG GameScene            - Removed MainViewComponent
20:23:37.873 [JavaFX Application Thread] DEBUG FXGLAssetLoader      - Loading from cache: /assets/textures/droplet.png
20:23:37.874 [JavaFX Application Thread] DEBUG GameScene            - Entity added to scene
20:23:37.874 [JavaFX Application Thread] DEBUG GameScene            - Added MainViewComponent
20:23:38.557 [JavaFX Application Thread] DEBUG GameScene            - Entity removed from scene
20:23:38.557 [JavaFX Application Thread] DEBUG GameScene            - Removed MainViewComponent
20:23:38.907 [JavaFX Application Thread] DEBUG FXGLAssetLoader      - Loading from cache: /assets/textures/droplet.png
20:23:38.907 [JavaFX Application Thread] DEBUG GameScene            - Entity added to scene
20:23:38.907 [JavaFX Application Thread] DEBUG GameScene            - Added MainViewComponent
20:23:39.940 [JavaFX Application Thread] DEBUG FXGLAssetLoader      - Loading from cache: /assets/textures/droplet.png
20:23:39.940 [JavaFX Application Thread] DEBUG GameScene            - Entity added to scene
20:23:39.940 [JavaFX Application Thread] DEBUG GameScene            - Added MainViewComponent
20:23:40.624 [JavaFX Application Thread] DEBUG GameScene            - Entity removed from scene
20:23:40.624 [JavaFX Application Thread] DEBUG GameScene            - Removed MainViewComponent
20:23:40.974 [JavaFX Application Thread] DEBUG FXGLAssetLoader      - Loading from cache: /assets/textures/droplet.png
20:23:40.975 [JavaFX Application Thread] DEBUG GameScene            - Entity added to scene
20:23:40.975 [JavaFX Application Thread] DEBUG GameScene            - Added MainViewComponent
20:23:41.656 [JavaFX Application Thread] DEBUG GameScene            - Entity removed from scene
20:23:41.656 [JavaFX Application Thread] DEBUG GameScene            - Removed MainViewComponent
20:23:42.006 [JavaFX Application Thread] DEBUG FXGLAssetLoader      - Loading from cache: /assets/textures/droplet.png
20:23:42.007 [JavaFX Application Thread] DEBUG GameScene            - Entity added to scene
20:23:42.007 [JavaFX Application Thread] DEBUG GameScene            - Added MainViewComponent
20:23:43.041 [JavaFX Application Thread] DEBUG FXGLAssetLoader      - Loading from cache: /assets/textures/droplet.png
20:23:43.042 [JavaFX Application Thread] DEBUG GameScene            - Entity added to scene
20:23:43.042 [JavaFX Application Thread] DEBUG GameScene            - Added MainViewComponent
20:23:43.723 [JavaFX Application Thread] DEBUG GameScene            - Entity removed from scene
20:23:43.724 [JavaFX Application Thread] DEBUG GameScene            - Removed MainViewComponent
20:23:44.073 [JavaFX Application Thread] DEBUG FXGLAssetLoader      - Loading from cache: /assets/textures/droplet.png
20:23:44.074 [JavaFX Application Thread] DEBUG GameScene            - Entity added to scene
20:23:44.075 [JavaFX Application Thread] DEBUG GameScene            - Added MainViewComponent
20:23:45.106 [JavaFX Application Thread] DEBUG FXGLAssetLoader      - Loading from cache: /assets/textures/droplet.png
20:23:45.107 [JavaFX Application Thread] DEBUG GameScene            - Entity added to scene
20:23:45.107 [JavaFX Application Thread] DEBUG GameScene            - Added MainViewComponent
20:23:46.140 [JavaFX Application Thread] DEBUG FXGLAssetLoader      - Loading from cache: /assets/textures/droplet.png
20:23:46.141 [JavaFX Application Thread] DEBUG GameScene            - Entity added to scene
20:23:46.141 [JavaFX Application Thread] DEBUG GameScene            - Added MainViewComponent
20:23:47.173 [JavaFX Application Thread] DEBUG FXGLAssetLoader      - Loading from cache: /assets/textures/droplet.png
20:23:47.174 [JavaFX Application Thread] DEBUG GameScene            - Entity added to scene
20:23:47.174 [JavaFX Application Thread] DEBUG GameScene            - Added MainViewComponent
20:23:47.240 [JavaFX Application Thread] DEBUG GameScene            - Entity removed from scene
20:23:47.240 [JavaFX Application Thread] DEBUG GameScene            - Removed MainViewComponent
20:23:48.207 [JavaFX Application Thread] DEBUG FXGLAssetLoader      - Loading from cache: /assets/textures/droplet.png
20:23:48.207 [JavaFX Application Thread] DEBUG GameScene            - Entity added to scene
20:23:48.208 [JavaFX Application Thread] DEBUG GameScene            - Added MainViewComponent
20:23:48.890 [JavaFX Application Thread] DEBUG GameScene            - Entity removed from scene
20:23:48.890 [JavaFX Application Thread] DEBUG GameScene            - Removed MainViewComponent
20:23:49.240 [JavaFX Application Thread] DEBUG FXGLAssetLoader      - Loading from cache: /assets/textures/droplet.png
20:23:49.241 [JavaFX Application Thread] DEBUG GameScene            - Entity added to scene
20:23:49.242 [JavaFX Application Thread] DEBUG GameScene            - Added MainViewComponent
20:23:50.273 [JavaFX Application Thread] DEBUG FXGLAssetLoader      - Loading from cache: /assets/textures/droplet.png
20:23:50.274 [JavaFX Application Thread] DEBUG GameScene            - Entity added to scene
20:23:50.274 [JavaFX Application Thread] DEBUG GameScene            - Added MainViewComponent
20:23:50.423 [JavaFX Application Thread] DEBUG GameScene            - Entity removed from scene
20:23:50.423 [JavaFX Application Thread] DEBUG GameScene            - Removed MainViewComponent
20:23:51.306 [JavaFX Application Thread] DEBUG FXGLAssetLoader      - Loading from cache: /assets/textures/droplet.png
20:23:51.307 [JavaFX Application Thread] DEBUG GameScene            - Entity added to scene
20:23:51.307 [JavaFX Application Thread] DEBUG GameScene            - Added MainViewComponent
20:23:52.341 [JavaFX Application Thread] DEBUG FXGLAssetLoader      - Loading from cache: /assets/textures/droplet.png
20:23:52.342 [JavaFX Application Thread] DEBUG GameScene            - Entity added to scene
20:23:52.342 [JavaFX Application Thread] DEBUG GameScene            - Added MainViewComponent
20:23:53.374 [JavaFX Application Thread] DEBUG FXGLAssetLoader      - Loading from cache: /assets/textures/droplet.png
20:23:53.375 [JavaFX Application Thread] DEBUG GameScene            - Entity added to scene
20:23:53.375 [JavaFX Application Thread] DEBUG GameScene            - Added MainViewComponent
20:23:54.408 [JavaFX Application Thread] DEBUG FXGLAssetLoader      - Loading from cache: /assets/textures/droplet.png
20:23:54.408 [JavaFX Application Thread] DEBUG GameScene            - Entity added to scene
20:23:54.409 [JavaFX Application Thread] DEBUG GameScene            - Added MainViewComponent
20:23:55.441 [JavaFX Application Thread] DEBUG FXGLAssetLoader      - Loading from cache: /assets/textures/droplet.png
20:23:55.442 [JavaFX Application Thread] DEBUG GameScene            - Entity added to scene
20:23:55.442 [JavaFX Application Thread] DEBUG GameScene            - Added MainViewComponent
20:23:56.473 [JavaFX Application Thread] DEBUG FXGLAssetLoader      - Loading from cache: /assets/textures/droplet.png
20:23:56.474 [JavaFX Application Thread] DEBUG GameScene            - Entity added to scene
20:23:56.474 [JavaFX Application Thread] DEBUG GameScene            - Added MainViewComponent
20:23:57.507 [JavaFX Application Thread] DEBUG FXGLAssetLoader      - Loading from cache: /assets/textures/droplet.png
20:23:57.507 [JavaFX Application Thread] DEBUG GameScene            - Entity added to scene
20:23:57.507 [JavaFX Application Thread] DEBUG GameScene            - Added MainViewComponent
20:23:58.540 [JavaFX Application Thread] DEBUG FXGLAssetLoader      - Loading from cache: /assets/textures/droplet.png
20:23:58.541 [JavaFX Application Thread] DEBUG GameScene            - Entity added to scene
20:23:58.542 [JavaFX Application Thread] DEBUG GameScene            - Added MainViewComponent
20:23:59.574 [JavaFX Application Thread] DEBUG FXGLAssetLoader      - Loading from cache: /assets/textures/droplet.png
20:23:59.575 [JavaFX Application Thread] DEBUG GameScene            - Entity added to scene
20:23:59.575 [JavaFX Application Thread] DEBUG GameScene            - Added MainViewComponent
20:24:00.608 [JavaFX Application Thread] DEBUG FXGLAssetLoader      - Loading from cache: /assets/textures/droplet.png
20:24:00.609 [JavaFX Application Thread] DEBUG GameScene            - Entity added to scene
20:24:00.609 [JavaFX Application Thread] DEBUG GameScene            - Added MainViewComponent
20:24:01.640 [JavaFX Application Thread] DEBUG FXGLAssetLoader      - Loading from cache: /assets/textures/droplet.png
20:24:01.640 [JavaFX Application Thread] DEBUG GameScene            - Entity added to scene
20:24:01.640 [JavaFX Application Thread] DEBUG GameScene            - Added MainViewComponent
20:24:02.674 [JavaFX Application Thread] DEBUG FXGLAssetLoader      - Loading from cache: /assets/textures/droplet.png
20:24:02.675 [JavaFX Application Thread] DEBUG GameScene            - Entity added to scene
20:24:02.675 [JavaFX Application Thread] DEBUG GameScene            - Added MainViewComponent
20:24:03.707 [JavaFX Application Thread] DEBUG FXGLAssetLoader      - Loading from cache: /assets/textures/droplet.png
20:24:03.708 [JavaFX Application Thread] DEBUG GameScene            - Entity added to scene
20:24:03.708 [JavaFX Application Thread] DEBUG GameScene            - Added MainViewComponent
20:24:04.741 [JavaFX Application Thread] DEBUG FXGLAssetLoader      - Loading from cache: /assets/textures/droplet.png
20:24:04.742 [JavaFX Application Thread] DEBUG GameScene            - Entity added to scene
20:24:04.742 [JavaFX Application Thread] DEBUG GameScene            - Added MainViewComponent
20:24:05.774 [JavaFX Application Thread] DEBUG FXGLAssetLoader      - Loading from cache: /assets/textures/droplet.png
20:24:05.774 [JavaFX Application Thread] DEBUG GameScene            - Entity added to scene
20:24:05.774 [JavaFX Application Thread] DEBUG GameScene            - Added MainViewComponent
20:24:06.553 [JavaFX Application Thread] DEBUG FXGLEventBus         - Firing event: DisplayEvent[type=CLOSE_REQUEST]
20:24:06.554 [JavaFX Application Thread] DEBUG FXGLEventBus         - Firing event: FXGLEvent[type=EXIT]
20:24:06.554 [JavaFX Application Thread] DEBUG FXGL                 - Saving FXGL system data
20:24:06.555 [JavaFX Application Thread] DEBUG IOTask               - Executing task: writeDataTask(system/fxgl.bundle)
20:24:06.557 [JavaFX Application Thread] DEBUG FS                   - Writing to: system\fxgl.bundle
20:24:06.560 [JavaFX Application Thread] DEBUG IOTask               - Task succeeded: writeDataTask(system/fxgl.bundle)
