20:21:19.268 [FXGL Launcher Thread     ] DEBUG FXGLLoggerFactory    - Service [LoggerFactory] initialized
20:21:19.275 [FXGL Launcher Thread     ] DEBUG FXGL                 - FXGL configuration complete
20:21:19.275 [FXGL Launcher Thread     ] DEBUG FXGL                 - Loading FXGL system data
20:21:19.279 [FXGL Launcher Thread     ] DEBUG IOTask               - Executing task: readDataTask(system/fxgl.bundle)
20:21:19.282 [FXGL Launcher Thread     ] DEBUG FS                   - Reading from: system\fxgl.bundle
20:21:19.287 [FXGL Launcher Thread     ] DEBUG IOTask               - Task succeeded: readDataTask(system/fxgl.bundle)
20:21:19.288 [FXGL Launcher Thread     ] DEBUG Bundle               - Logging bundle: FXGL
20:21:19.288 [FXGL Launcher Thread     ] DEBUG Bundle               - FXGL.offline.timer.version.check=2016-12-05T18:04:06.819
20:21:19.294 [FXGL Launcher Thread     ] DEBUG GameApplication      - Configuring GameApplication
20:21:19.297 [FXGL Launcher Thread     ] DEBUG FXGLExceptionHandler - Service [ExceptionHandler] initialized
20:21:19.297 [FXGL Launcher Thread     ] DEBUG FXGLEventBus         - Service [EventBus] initialized
20:21:19.300 [FXGL Launcher Thread     ] DEBUG FXGLExecutor         - Service [Executor] initialized
20:21:19.300 [FXGL Launcher Thread     ] DEBUG PreInitTask          - Injecting gameWorld & physicsWorld
20:21:19.306 [FXGL Launcher Thread     ] DEBUG GameWorld            - Game world initialized
20:21:19.345 [FXGL Launcher Thread     ] DEBUG FXGLPooler           - Service [Pooler] initialized with default size = 128
20:21:19.345 [FXGL Launcher Thread     ] DEBUG PhysicsWorld         - Physics world initialized: appHeight=800.0, physics.ppm=50.0
20:21:19.346 [FXGL Launcher Thread     ] DEBUG FXGLInput            - Service [Input] initialized
20:21:19.365 [FXGL Launcher Thread     ] DEBUG FXGLInput            - Registered new binding: Screenshot - P
20:21:19.366 [FXGL Launcher Thread     ] DEBUG FXGLInput            - Registered new binding: Dev Options - CTRL+0
20:21:19.366 [FXGL Launcher Thread     ] DEBUG FXGLInput            - Registered new binding: Move Left - A
20:21:19.366 [FXGL Launcher Thread     ] DEBUG FXGLInput            - Registered new binding: Move Right - D
20:21:19.393 [FXGL Launcher Thread     ] DEBUG GameScene            - Game scene initialized: 480.0x800.0
20:21:19.400 [FXGL Launcher Thread     ] DEBUG FXGLAssetLoader      - Service [AssetLoader] initialized: cacheSize=35
20:21:19.402 [FXGL Launcher Thread     ] DEBUG FXGLAssetLoader      - Loading from disk: /assets/sounds/system/notification.wav
20:21:19.440 [FXGL Launcher Thread     ] DEBUG FXGLAssetLoader      - Loading from disk: /assets/sounds/menu/select.wav
20:21:19.441 [FXGL Launcher Thread     ] DEBUG FXGLAssetLoader      - Loading from disk: /assets/sounds/menu/back.wav
20:21:19.442 [FXGL Launcher Thread     ] DEBUG FXGLAssetLoader      - Loading from disk: /assets/sounds/menu/press.wav
20:21:19.446 [FXGL Launcher Thread     ] DEBUG FXGLAssetLoader      - Loading from disk: /assets/ui/fonts/Copperplate_Gothic_Light_Regular.ttf
20:21:19.530 [FXGL Launcher Thread     ] DEBUG FXGLAssetLoader      - Loading from disk: /assets/ui/css/fxgl.css
20:21:19.530 [FXGL Launcher Thread     ] DEBUG FXGLAssetLoader      - Loading from disk: /assets/ui/icons/fxgl_icon.png
20:21:19.567 [FXGL Launcher Thread     ] DEBUG FXGLAssetLoader      - Loading from disk: /assets/ui/css/fxgl_dark.css
20:21:19.576 [FXGL Launcher Thread     ] DEBUG FXGLDisplay          - Target size: DoubleProperty [value: 480.0] x DoubleProperty [value: 800.0] @ 1.0
20:21:19.576 [FXGL Launcher Thread     ] DEBUG FXGLDisplay          - New size:    480.0 x 800.0 @ DoubleProperty [value: 1.0]
20:21:19.576 [FXGL Launcher Thread     ] DEBUG FXGLDisplay          - Service [Display] initialized
20:21:19.576 [FXGL Launcher Thread     ] DEBUG FXGLDisplay          - Using CSS: CSS(externalForm=jar:file:/C:/Users/Shane/Downloads/FXGL-0.2.8-uber.jar!/assets/ui/css/fxgl_dark.css)
20:21:19.577 [FXGL Launcher Thread     ] DEBUG InitScenesTask       - Injecting loadingScene & gameScene
20:21:19.616 [FXGL Launcher Thread     ] DEBUG FXGLMasterTimer      - Service [MasterTimer] initialized
20:21:19.618 [FXGL Launcher Thread     ] DEBUG FXGLAudioPlayer      - Service [AudioPlayer] initialized
20:21:19.626 [FXGL Launcher Thread     ] DEBUG GameApplication      - Starting new game
20:21:19.628 [FXGL Launcher Thread     ] DEBUG GameApplication      - Initializing App
20:21:19.629 [FXGL Launcher Thread     ] DEBUG FXGLInput            - Clearing active input actions
20:21:19.629 [FXGL Launcher Thread     ] DEBUG FXGLMasterTimer      - Stopping master timer
20:21:19.629 [FXGL Launcher Thread     ] DEBUG GameApplication      - State: STARTUP -> PAUSED
20:21:19.630 [FXGL Launcher Thread     ] DEBUG FXGLEventBus         - Firing event: FXGLEvent[type=PAUSE]
20:21:19.631 [FXGL Launcher Thread     ] DEBUG FXGLInput            - Clearing active input actions
20:21:19.631 [FXGL Launcher Thread     ] DEBUG FXGLMasterTimer      - Resetting ticks and clearing all actions
20:21:19.631 [FXGL Launcher Thread     ] DEBUG GameWorld            - Resetting game world
20:21:19.631 [FXGL Launcher Thread     ] TRACE EntityWorld          - Resetting entity world
20:21:19.632 [FXGL Launcher Thread     ] DEBUG PhysicsWorld         - Resetting physics world
20:21:19.632 [FXGL Launcher Thread     ] DEBUG GameScene            - Resetting game scene
20:21:19.632 [FXGL Launcher Thread     ] DEBUG FXGLEventBus         - Firing event: FXGLEvent[type=RESET]
20:21:19.698 [FXGL Launcher Thread     ] DEBUG GameApplication      - State: PAUSED -> LOADING
20:21:19.730 [FXGL Background Thread 1 ] DEBUG InitAppTask          - Initializing Assets
20:21:19.730 [FXGL Background Thread 1 ] DEBUG InitAppTask          - Initializing Game
20:21:19.745 [FXGL Background Thread 1 ] DEBUG FXGLAssetLoader      - Loading from disk: /assets/textures/bucket.png
20:21:19.752 [FXGL Background Thread 1 ] DEBUG InitAppTask          - Initializing Physics
20:21:19.752 [FXGL Background Thread 1 ] DEBUG InitAppTask          - Initializing UI
20:21:19.752 [FXGL Background Thread 1 ] DEBUG InitAppTask          - Initialization Complete
20:21:19.803 [JavaFX Application Thread] DEBUG FXGLDisplay          - Showing stage
20:21:19.803 [JavaFX Application Thread] DEBUG FXGLDisplay          - Root size: 480.0x800.0
20:21:19.803 [JavaFX Application Thread] DEBUG FXGLDisplay          - Scene size: 480.0x800.0
20:21:19.803 [JavaFX Application Thread] DEBUG FXGLDisplay          - Stage size: 496.0x839.0
20:21:19.862 [JavaFX Application Thread] DEBUG FXGLInput            - Clearing active input actions
20:21:19.862 [JavaFX Application Thread] DEBUG FXGLMasterTimer      - Starting master timer
20:21:19.862 [JavaFX Application Thread] DEBUG GameApplication      - State: LOADING -> PLAYING
20:21:19.867 [JavaFX Application Thread] DEBUG FXGLEventBus         - Firing event: FXGLEvent[type=RESUME]
20:21:19.873 [JavaFX Application Thread] DEBUG GameScene            - Entity added to scene
20:21:19.873 [JavaFX Application Thread] DEBUG GameScene            - Added MainViewComponent
20:21:19.876 [JavaFX Application Thread] DEBUG GameScene            - Creating render group for layer: TOP(2147483647)
20:21:20.938 [JavaFX Application Thread] DEBUG FXGLAssetLoader      - Loading from disk: /assets/textures/droplet.png
20:21:20.941 [JavaFX Application Thread] DEBUG GameScene            - Entity added to scene
20:21:20.941 [JavaFX Application Thread] DEBUG GameScene            - Added MainViewComponent
20:21:21.970 [JavaFX Application Thread] DEBUG FXGLAssetLoader      - Loading from cache: /assets/textures/droplet.png
20:21:21.971 [JavaFX Application Thread] DEBUG GameScene            - Entity added to scene
20:21:21.971 [JavaFX Application Thread] DEBUG GameScene            - Added MainViewComponent
20:21:23.005 [JavaFX Application Thread] DEBUG FXGLAssetLoader      - Loading from cache: /assets/textures/droplet.png
20:21:23.006 [JavaFX Application Thread] DEBUG GameScene            - Entity added to scene
20:21:23.006 [JavaFX Application Thread] DEBUG GameScene            - Added MainViewComponent
20:21:23.737 [JavaFX Application Thread] DEBUG GameScene            - Entity removed from scene
20:21:23.738 [JavaFX Application Thread] DEBUG GameScene            - Removed MainViewComponent
20:21:24.038 [JavaFX Application Thread] DEBUG FXGLAssetLoader      - Loading from cache: /assets/textures/droplet.png
20:21:24.039 [JavaFX Application Thread] DEBUG GameScene            - Entity added to scene
20:21:24.039 [JavaFX Application Thread] DEBUG GameScene            - Added MainViewComponent
20:21:24.720 [JavaFX Application Thread] DEBUG GameScene            - Entity removed from scene
20:21:24.720 [JavaFX Application Thread] DEBUG GameScene            - Removed MainViewComponent
20:21:25.071 [JavaFX Application Thread] DEBUG FXGLAssetLoader      - Loading from cache: /assets/textures/droplet.png
20:21:25.072 [JavaFX Application Thread] DEBUG GameScene            - Entity added to scene
20:21:25.073 [JavaFX Application Thread] DEBUG GameScene            - Added MainViewComponent
20:21:25.754 [JavaFX Application Thread] DEBUG GameScene            - Entity removed from scene
20:21:25.754 [JavaFX Application Thread] DEBUG GameScene            - Removed MainViewComponent
20:21:26.104 [JavaFX Application Thread] DEBUG FXGLAssetLoader      - Loading from cache: /assets/textures/droplet.png
20:21:26.104 [JavaFX Application Thread] DEBUG GameScene            - Entity added to scene
20:21:26.104 [JavaFX Application Thread] DEBUG GameScene            - Added MainViewComponent
20:21:26.788 [JavaFX Application Thread] DEBUG GameScene            - Entity removed from scene
20:21:26.788 [JavaFX Application Thread] DEBUG GameScene            - Removed MainViewComponent
20:21:27.138 [JavaFX Application Thread] DEBUG FXGLAssetLoader      - Loading from cache: /assets/textures/droplet.png
20:21:27.140 [JavaFX Application Thread] DEBUG GameScene            - Entity added to scene
20:21:27.140 [JavaFX Application Thread] DEBUG GameScene            - Added MainViewComponent
20:21:27.820 [JavaFX Application Thread] DEBUG GameScene            - Entity removed from scene
20:21:27.821 [JavaFX Application Thread] DEBUG GameScene            - Removed MainViewComponent
20:21:28.171 [JavaFX Application Thread] DEBUG FXGLAssetLoader      - Loading from cache: /assets/textures/droplet.png
20:21:28.172 [JavaFX Application Thread] DEBUG GameScene            - Entity added to scene
20:21:28.172 [JavaFX Application Thread] DEBUG GameScene            - Added MainViewComponent
20:21:28.870 [JavaFX Application Thread] DEBUG GameScene            - Entity removed from scene
20:21:28.870 [JavaFX Application Thread] DEBUG GameScene            - Removed MainViewComponent
20:21:29.205 [JavaFX Application Thread] DEBUG FXGLAssetLoader      - Loading from cache: /assets/textures/droplet.png
20:21:29.206 [JavaFX Application Thread] DEBUG GameScene            - Entity added to scene
20:21:29.206 [JavaFX Application Thread] DEBUG GameScene            - Added MainViewComponent
20:21:29.888 [JavaFX Application Thread] DEBUG GameScene            - Entity removed from scene
20:21:29.888 [JavaFX Application Thread] DEBUG GameScene            - Removed MainViewComponent
20:21:30.237 [JavaFX Application Thread] DEBUG FXGLAssetLoader      - Loading from cache: /assets/textures/droplet.png
20:21:30.238 [JavaFX Application Thread] DEBUG GameScene            - Entity added to scene
20:21:30.238 [JavaFX Application Thread] DEBUG GameScene            - Added MainViewComponent
20:21:30.921 [JavaFX Application Thread] DEBUG GameScene            - Entity removed from scene
20:21:30.921 [JavaFX Application Thread] DEBUG GameScene            - Removed MainViewComponent
20:21:31.270 [JavaFX Application Thread] DEBUG FXGLAssetLoader      - Loading from cache: /assets/textures/droplet.png
20:21:31.271 [JavaFX Application Thread] DEBUG GameScene            - Entity added to scene
20:21:31.271 [JavaFX Application Thread] DEBUG GameScene            - Added MainViewComponent
20:21:31.954 [JavaFX Application Thread] DEBUG GameScene            - Entity removed from scene
20:21:31.954 [JavaFX Application Thread] DEBUG GameScene            - Removed MainViewComponent
20:21:32.303 [JavaFX Application Thread] DEBUG FXGLAssetLoader      - Loading from cache: /assets/textures/droplet.png
20:21:32.304 [JavaFX Application Thread] DEBUG GameScene            - Entity added to scene
20:21:32.304 [JavaFX Application Thread] DEBUG GameScene            - Added MainViewComponent
20:21:32.987 [JavaFX Application Thread] DEBUG GameScene            - Entity removed from scene
20:21:32.987 [JavaFX Application Thread] DEBUG GameScene            - Removed MainViewComponent
20:21:33.354 [JavaFX Application Thread] DEBUG FXGLAssetLoader      - Loading from cache: /assets/textures/droplet.png
20:21:33.355 [JavaFX Application Thread] DEBUG GameScene            - Entity added to scene
20:21:33.355 [JavaFX Application Thread] DEBUG GameScene            - Added MainViewComponent
20:21:34.037 [JavaFX Application Thread] DEBUG GameScene            - Entity removed from scene
20:21:34.037 [JavaFX Application Thread] DEBUG GameScene            - Removed MainViewComponent
20:21:34.389 [JavaFX Application Thread] DEBUG FXGLAssetLoader      - Loading from cache: /assets/textures/droplet.png
20:21:34.390 [JavaFX Application Thread] DEBUG GameScene            - Entity added to scene
20:21:34.390 [JavaFX Application Thread] DEBUG GameScene            - Added MainViewComponent
20:21:35.422 [JavaFX Application Thread] DEBUG FXGLAssetLoader      - Loading from cache: /assets/textures/droplet.png
20:21:35.422 [JavaFX Application Thread] DEBUG GameScene            - Entity added to scene
20:21:35.422 [JavaFX Application Thread] DEBUG GameScene            - Added MainViewComponent
20:21:36.137 [JavaFX Application Thread] DEBUG GameScene            - Entity removed from scene
20:21:36.137 [JavaFX Application Thread] DEBUG GameScene            - Removed MainViewComponent
20:21:36.455 [JavaFX Application Thread] DEBUG FXGLAssetLoader      - Loading from cache: /assets/textures/droplet.png
20:21:36.456 [JavaFX Application Thread] DEBUG GameScene            - Entity added to scene
20:21:36.456 [JavaFX Application Thread] DEBUG GameScene            - Added MainViewComponent
20:21:37.254 [JavaFX Application Thread] DEBUG GameScene            - Entity removed from scene
20:21:37.255 [JavaFX Application Thread] DEBUG GameScene            - Removed MainViewComponent
20:21:37.488 [JavaFX Application Thread] DEBUG FXGLAssetLoader      - Loading from cache: /assets/textures/droplet.png
20:21:37.489 [JavaFX Application Thread] DEBUG GameScene            - Entity added to scene
20:21:37.489 [JavaFX Application Thread] DEBUG GameScene            - Added MainViewComponent
20:21:38.170 [JavaFX Application Thread] DEBUG GameScene            - Entity removed from scene
20:21:38.170 [JavaFX Application Thread] DEBUG GameScene            - Removed MainViewComponent
20:21:38.522 [JavaFX Application Thread] DEBUG FXGLAssetLoader      - Loading from cache: /assets/textures/droplet.png
20:21:38.523 [JavaFX Application Thread] DEBUG GameScene            - Entity added to scene
20:21:38.523 [JavaFX Application Thread] DEBUG GameScene            - Added MainViewComponent
20:21:39.204 [JavaFX Application Thread] DEBUG GameScene            - Entity removed from scene
20:21:39.204 [JavaFX Application Thread] DEBUG GameScene            - Removed MainViewComponent
20:21:39.555 [JavaFX Application Thread] DEBUG FXGLAssetLoader      - Loading from cache: /assets/textures/droplet.png
20:21:39.555 [JavaFX Application Thread] DEBUG GameScene            - Entity added to scene
20:21:39.555 [JavaFX Application Thread] DEBUG GameScene            - Added MainViewComponent
20:21:40.270 [JavaFX Application Thread] DEBUG GameScene            - Entity removed from scene
20:21:40.271 [JavaFX Application Thread] DEBUG GameScene            - Removed MainViewComponent
20:21:40.588 [JavaFX Application Thread] DEBUG FXGLAssetLoader      - Loading from cache: /assets/textures/droplet.png
20:21:40.589 [JavaFX Application Thread] DEBUG GameScene            - Entity added to scene
20:21:40.589 [JavaFX Application Thread] DEBUG GameScene            - Added MainViewComponent
20:21:41.270 [JavaFX Application Thread] DEBUG GameScene            - Entity removed from scene
20:21:41.270 [JavaFX Application Thread] DEBUG GameScene            - Removed MainViewComponent
20:21:41.622 [JavaFX Application Thread] DEBUG FXGLAssetLoader      - Loading from cache: /assets/textures/droplet.png
20:21:41.623 [JavaFX Application Thread] DEBUG GameScene            - Entity added to scene
20:21:41.623 [JavaFX Application Thread] DEBUG GameScene            - Added MainViewComponent
20:21:42.304 [JavaFX Application Thread] DEBUG GameScene            - Entity removed from scene
20:21:42.304 [JavaFX Application Thread] DEBUG GameScene            - Removed MainViewComponent
20:21:42.655 [JavaFX Application Thread] DEBUG FXGLAssetLoader      - Loading from cache: /assets/textures/droplet.png
20:21:42.656 [JavaFX Application Thread] DEBUG GameScene            - Entity added to scene
20:21:42.656 [JavaFX Application Thread] DEBUG GameScene            - Added MainViewComponent
20:21:43.337 [JavaFX Application Thread] DEBUG GameScene            - Entity removed from scene
20:21:43.337 [JavaFX Application Thread] DEBUG GameScene            - Removed MainViewComponent
20:21:43.689 [JavaFX Application Thread] DEBUG FXGLAssetLoader      - Loading from cache: /assets/textures/droplet.png
20:21:43.690 [JavaFX Application Thread] DEBUG GameScene            - Entity added to scene
20:21:43.690 [JavaFX Application Thread] DEBUG GameScene            - Added MainViewComponent
20:21:44.370 [JavaFX Application Thread] DEBUG GameScene            - Entity removed from scene
20:21:44.371 [JavaFX Application Thread] DEBUG GameScene            - Removed MainViewComponent
20:21:44.721 [JavaFX Application Thread] DEBUG FXGLAssetLoader      - Loading from cache: /assets/textures/droplet.png
20:21:44.722 [JavaFX Application Thread] DEBUG GameScene            - Entity added to scene
20:21:44.722 [JavaFX Application Thread] DEBUG GameScene            - Added MainViewComponent
20:21:45.405 [JavaFX Application Thread] DEBUG GameScene            - Entity removed from scene
20:21:45.405 [JavaFX Application Thread] DEBUG GameScene            - Removed MainViewComponent
20:21:45.756 [JavaFX Application Thread] DEBUG FXGLAssetLoader      - Loading from cache: /assets/textures/droplet.png
20:21:45.757 [JavaFX Application Thread] DEBUG GameScene            - Entity added to scene
20:21:45.757 [JavaFX Application Thread] DEBUG GameScene            - Added MainViewComponent
20:21:46.437 [JavaFX Application Thread] DEBUG GameScene            - Entity removed from scene
20:21:46.437 [JavaFX Application Thread] DEBUG GameScene            - Removed MainViewComponent
20:21:46.788 [JavaFX Application Thread] DEBUG FXGLAssetLoader      - Loading from cache: /assets/textures/droplet.png
20:21:46.789 [JavaFX Application Thread] DEBUG GameScene            - Entity added to scene
20:21:46.789 [JavaFX Application Thread] DEBUG GameScene            - Added MainViewComponent
20:21:47.821 [JavaFX Application Thread] DEBUG FXGLAssetLoader      - Loading from cache: /assets/textures/droplet.png
20:21:47.822 [JavaFX Application Thread] DEBUG GameScene            - Entity added to scene
20:21:47.822 [JavaFX Application Thread] DEBUG GameScene            - Added MainViewComponent
20:21:48.855 [JavaFX Application Thread] DEBUG FXGLAssetLoader      - Loading from cache: /assets/textures/droplet.png
20:21:48.855 [JavaFX Application Thread] DEBUG GameScene            - Entity added to scene
20:21:48.856 [JavaFX Application Thread] DEBUG GameScene            - Added MainViewComponent
20:21:49.889 [JavaFX Application Thread] DEBUG FXGLAssetLoader      - Loading from cache: /assets/textures/droplet.png
20:21:49.889 [JavaFX Application Thread] DEBUG GameScene            - Entity added to scene
20:21:49.889 [JavaFX Application Thread] DEBUG GameScene            - Added MainViewComponent
20:21:50.387 [JavaFX Application Thread] DEBUG FXGLEventBus         - Firing event: DisplayEvent[type=CLOSE_REQUEST]
20:21:50.388 [JavaFX Application Thread] DEBUG FXGLEventBus         - Firing event: FXGLEvent[type=EXIT]
20:21:50.388 [JavaFX Application Thread] DEBUG FXGL                 - Saving FXGL system data
20:21:50.390 [JavaFX Application Thread] DEBUG IOTask               - Executing task: writeDataTask(system/fxgl.bundle)
20:21:50.391 [JavaFX Application Thread] DEBUG FS                   - Writing to: system\fxgl.bundle
20:21:50.395 [JavaFX Application Thread] DEBUG IOTask               - Task succeeded: writeDataTask(system/fxgl.bundle)
