20:24:15.671 [FXGL Launcher Thread     ] DEBUG FXGLLoggerFactory    - Service [LoggerFactory] initialized
20:24:15.676 [FXGL Launcher Thread     ] DEBUG FXGL                 - FXGL configuration complete
20:24:15.676 [FXGL Launcher Thread     ] DEBUG FXGL                 - Loading FXGL system data
20:24:15.679 [FXGL Launcher Thread     ] DEBUG IOTask               - Executing task: readDataTask(system/fxgl.bundle)
20:24:15.682 [FXGL Launcher Thread     ] DEBUG FS                   - Reading from: system\fxgl.bundle
20:24:15.687 [FXGL Launcher Thread     ] DEBUG IOTask               - Task succeeded: readDataTask(system/fxgl.bundle)
20:24:15.687 [FXGL Launcher Thread     ] DEBUG Bundle               - Logging bundle: FXGL
20:24:15.688 [FXGL Launcher Thread     ] DEBUG Bundle               - FXGL.offline.timer.version.check=2016-12-05T18:04:06.819
20:24:15.694 [FXGL Launcher Thread     ] DEBUG GameApplication      - Configuring GameApplication
20:24:15.698 [FXGL Launcher Thread     ] DEBUG FXGLExceptionHandler - Service [ExceptionHandler] initialized
20:24:15.698 [FXGL Launcher Thread     ] DEBUG FXGLEventBus         - Service [EventBus] initialized
20:24:15.701 [FXGL Launcher Thread     ] DEBUG FXGLExecutor         - Service [Executor] initialized
20:24:15.701 [FXGL Launcher Thread     ] DEBUG PreInitTask          - Injecting gameWorld & physicsWorld
20:24:15.706 [FXGL Launcher Thread     ] DEBUG GameWorld            - Game world initialized
20:24:15.746 [FXGL Launcher Thread     ] DEBUG FXGLPooler           - Service [Pooler] initialized with default size = 128
20:24:15.747 [FXGL Launcher Thread     ] DEBUG PhysicsWorld         - Physics world initialized: appHeight=800.0, physics.ppm=50.0
20:24:15.747 [FXGL Launcher Thread     ] DEBUG FXGLInput            - Service [Input] initialized
20:24:15.767 [FXGL Launcher Thread     ] DEBUG FXGLInput            - Registered new binding: Screenshot - P
20:24:15.768 [FXGL Launcher Thread     ] DEBUG FXGLInput            - Registered new binding: Dev Options - CTRL+0
20:24:15.768 [FXGL Launcher Thread     ] DEBUG FXGLInput            - Registered new binding: Move Left - A
20:24:15.768 [FXGL Launcher Thread     ] DEBUG FXGLInput            - Registered new binding: Move Right - D
20:24:15.795 [FXGL Launcher Thread     ] DEBUG GameScene            - Game scene initialized: 480.0x800.0
20:24:15.801 [FXGL Launcher Thread     ] DEBUG FXGLAssetLoader      - Service [AssetLoader] initialized: cacheSize=35
20:24:15.804 [FXGL Launcher Thread     ] DEBUG FXGLAssetLoader      - Loading from disk: /assets/sounds/system/notification.wav
20:24:15.842 [FXGL Launcher Thread     ] DEBUG FXGLAssetLoader      - Loading from disk: /assets/sounds/menu/select.wav
20:24:15.844 [FXGL Launcher Thread     ] DEBUG FXGLAssetLoader      - Loading from disk: /assets/sounds/menu/back.wav
20:24:15.845 [FXGL Launcher Thread     ] DEBUG FXGLAssetLoader      - Loading from disk: /assets/sounds/menu/press.wav
20:24:15.847 [FXGL Launcher Thread     ] DEBUG FXGLAssetLoader      - Loading from disk: /assets/ui/fonts/Copperplate_Gothic_Light_Regular.ttf
20:24:15.928 [FXGL Launcher Thread     ] DEBUG FXGLAssetLoader      - Loading from disk: /assets/ui/css/fxgl.css
20:24:15.928 [FXGL Launcher Thread     ] DEBUG FXGLAssetLoader      - Loading from disk: /assets/ui/icons/fxgl_icon.png
20:24:15.966 [FXGL Launcher Thread     ] DEBUG FXGLAssetLoader      - Loading from disk: /assets/ui/css/fxgl_dark.css
20:24:15.975 [FXGL Launcher Thread     ] DEBUG FXGLDisplay          - Target size: DoubleProperty [value: 480.0] x DoubleProperty [value: 800.0] @ 1.0
20:24:15.975 [FXGL Launcher Thread     ] DEBUG FXGLDisplay          - New size:    480.0 x 800.0 @ DoubleProperty [value: 1.0]
20:24:15.975 [FXGL Launcher Thread     ] DEBUG FXGLDisplay          - Service [Display] initialized
20:24:15.976 [FXGL Launcher Thread     ] DEBUG FXGLDisplay          - Using CSS: CSS(externalForm=jar:file:/C:/Users/Shane/Downloads/FXGL-0.2.8-uber.jar!/assets/ui/css/fxgl_dark.css)
20:24:15.976 [FXGL Launcher Thread     ] DEBUG InitScenesTask       - Injecting loadingScene & gameScene
20:24:16.014 [FXGL Launcher Thread     ] DEBUG FXGLMasterTimer      - Service [MasterTimer] initialized
20:24:16.017 [FXGL Launcher Thread     ] DEBUG FXGLAudioPlayer      - Service [AudioPlayer] initialized
20:24:16.024 [FXGL Launcher Thread     ] DEBUG GameApplication      - Starting new game
20:24:16.026 [FXGL Launcher Thread     ] DEBUG GameApplication      - Initializing App
20:24:16.027 [FXGL Launcher Thread     ] DEBUG FXGLInput            - Clearing active input actions
20:24:16.027 [FXGL Launcher Thread     ] DEBUG FXGLMasterTimer      - Stopping master timer
20:24:16.028 [FXGL Launcher Thread     ] DEBUG GameApplication      - State: STARTUP -> PAUSED
20:24:16.028 [FXGL Launcher Thread     ] DEBUG FXGLEventBus         - Firing event: FXGLEvent[type=PAUSE]
20:24:16.029 [FXGL Launcher Thread     ] DEBUG FXGLInput            - Clearing active input actions
20:24:16.029 [FXGL Launcher Thread     ] DEBUG FXGLMasterTimer      - Resetting ticks and clearing all actions
20:24:16.030 [FXGL Launcher Thread     ] DEBUG GameWorld            - Resetting game world
20:24:16.030 [FXGL Launcher Thread     ] TRACE EntityWorld          - Resetting entity world
20:24:16.031 [FXGL Launcher Thread     ] DEBUG PhysicsWorld         - Resetting physics world
20:24:16.031 [FXGL Launcher Thread     ] DEBUG GameScene            - Resetting game scene
20:24:16.031 [FXGL Launcher Thread     ] DEBUG FXGLEventBus         - Firing event: FXGLEvent[type=RESET]
20:24:16.098 [FXGL Launcher Thread     ] DEBUG GameApplication      - State: PAUSED -> LOADING
20:24:16.129 [FXGL Background Thread 1 ] DEBUG InitAppTask          - Initializing Assets
20:24:16.129 [FXGL Background Thread 1 ] DEBUG InitAppTask          - Initializing Game
20:24:16.143 [FXGL Background Thread 1 ] DEBUG FXGLAssetLoader      - Loading from disk: /assets/textures/bucket.png
20:24:16.150 [FXGL Background Thread 1 ] DEBUG InitAppTask          - Initializing Physics
20:24:16.151 [FXGL Background Thread 1 ] DEBUG InitAppTask          - Initializing UI
20:24:16.151 [FXGL Background Thread 1 ] DEBUG InitAppTask          - Initialization Complete
20:24:16.199 [JavaFX Application Thread] DEBUG FXGLDisplay          - Showing stage
20:24:16.199 [JavaFX Application Thread] DEBUG FXGLDisplay          - Root size: 480.0x800.0
20:24:16.199 [JavaFX Application Thread] DEBUG FXGLDisplay          - Scene size: 480.0x800.0
20:24:16.199 [JavaFX Application Thread] DEBUG FXGLDisplay          - Stage size: 496.0x839.0
20:24:16.254 [JavaFX Application Thread] DEBUG FXGLInput            - Clearing active input actions
20:24:16.254 [JavaFX Application Thread] DEBUG FXGLMasterTimer      - Starting master timer
20:24:16.255 [JavaFX Application Thread] DEBUG GameApplication      - State: LOADING -> PLAYING
20:24:16.260 [JavaFX Application Thread] DEBUG FXGLEventBus         - Firing event: FXGLEvent[type=RESUME]
20:24:16.263 [JavaFX Application Thread] DEBUG GameScene            - Entity added to scene
20:24:16.263 [JavaFX Application Thread] DEBUG GameScene            - Added MainViewComponent
20:24:16.265 [JavaFX Application Thread] DEBUG GameScene            - Creating render group for layer: TOP(2147483647)
20:24:17.325 [JavaFX Application Thread] DEBUG FXGLAssetLoader      - Loading from disk: /assets/textures/droplet.png
20:24:17.330 [JavaFX Application Thread] DEBUG GameScene            - Entity added to scene
20:24:17.330 [JavaFX Application Thread] DEBUG GameScene            - Added MainViewComponent
20:24:18.358 [JavaFX Application Thread] DEBUG FXGLAssetLoader      - Loading from cache: /assets/textures/droplet.png
20:24:18.359 [JavaFX Application Thread] DEBUG GameScene            - Entity added to scene
20:24:18.359 [JavaFX Application Thread] DEBUG GameScene            - Added MainViewComponent
20:24:19.391 [JavaFX Application Thread] DEBUG FXGLAssetLoader      - Loading from cache: /assets/textures/droplet.png
20:24:19.392 [JavaFX Application Thread] DEBUG GameScene            - Entity added to scene
20:24:19.392 [JavaFX Application Thread] DEBUG GameScene            - Added MainViewComponent
20:24:20.425 [JavaFX Application Thread] DEBUG FXGLAssetLoader      - Loading from cache: /assets/textures/droplet.png
20:24:20.426 [JavaFX Application Thread] DEBUG GameScene            - Entity added to scene
20:24:20.426 [JavaFX Application Thread] DEBUG GameScene            - Added MainViewComponent
20:24:21.458 [JavaFX Application Thread] DEBUG FXGLAssetLoader      - Loading from cache: /assets/textures/droplet.png
20:24:21.458 [JavaFX Application Thread] DEBUG GameScene            - Entity added to scene
20:24:21.459 [JavaFX Application Thread] DEBUG GameScene            - Added MainViewComponent
20:24:22.491 [JavaFX Application Thread] DEBUG FXGLAssetLoader      - Loading from cache: /assets/textures/droplet.png
20:24:22.492 [JavaFX Application Thread] DEBUG GameScene            - Entity added to scene
20:24:22.492 [JavaFX Application Thread] DEBUG GameScene            - Added MainViewComponent
20:24:22.606 [JavaFX Application Thread] DEBUG FXGLEventBus         - Firing event: DisplayEvent[type=CLOSE_REQUEST]
20:24:22.608 [JavaFX Application Thread] DEBUG FXGLEventBus         - Firing event: FXGLEvent[type=EXIT]
20:24:22.608 [JavaFX Application Thread] DEBUG FXGL                 - Saving FXGL system data
20:24:22.610 [JavaFX Application Thread] DEBUG IOTask               - Executing task: writeDataTask(system/fxgl.bundle)
20:24:22.611 [JavaFX Application Thread] DEBUG FS                   - Writing to: system\fxgl.bundle
20:24:22.614 [JavaFX Application Thread] DEBUG IOTask               - Task succeeded: writeDataTask(system/fxgl.bundle)
