20:16:55.114 [FXGL Launcher Thread     ] DEBUG FXGLLoggerFactory    - Service [LoggerFactory] initialized
20:16:55.120 [FXGL Launcher Thread     ] DEBUG FXGL                 - FXGL configuration complete
20:16:55.120 [FXGL Launcher Thread     ] DEBUG FXGL                 - Loading FXGL system data
20:16:55.123 [FXGL Launcher Thread     ] DEBUG IOTask               - Executing task: readDataTask(system/fxgl.bundle)
20:16:55.126 [FXGL Launcher Thread     ] DEBUG FS                   - Reading from: system\fxgl.bundle
20:16:55.132 [FXGL Launcher Thread     ] DEBUG IOTask               - Task succeeded: readDataTask(system/fxgl.bundle)
20:16:55.132 [FXGL Launcher Thread     ] DEBUG Bundle               - Logging bundle: FXGL
20:16:55.133 [FXGL Launcher Thread     ] DEBUG Bundle               - FXGL.offline.timer.version.check=2016-12-05T18:04:06.819
20:16:55.152 [FXGL Launcher Thread     ] DEBUG GameApplication      - Configuring GameApplication
20:16:55.156 [FXGL Launcher Thread     ] DEBUG FXGLExceptionHandler - Service [ExceptionHandler] initialized
20:16:55.156 [FXGL Launcher Thread     ] DEBUG FXGLEventBus         - Service [EventBus] initialized
20:16:55.159 [FXGL Launcher Thread     ] DEBUG FXGLExecutor         - Service [Executor] initialized
20:16:55.159 [FXGL Launcher Thread     ] DEBUG PreInitTask          - Injecting gameWorld & physicsWorld
20:16:55.164 [FXGL Launcher Thread     ] DEBUG GameWorld            - Game world initialized
20:16:55.204 [FXGL Launcher Thread     ] DEBUG FXGLPooler           - Service [Pooler] initialized with default size = 128
20:16:55.205 [FXGL Launcher Thread     ] DEBUG PhysicsWorld         - Physics world initialized: appHeight=800.0, physics.ppm=50.0
20:16:55.206 [FXGL Launcher Thread     ] DEBUG FXGLInput            - Service [Input] initialized
20:16:55.224 [FXGL Launcher Thread     ] DEBUG FXGLInput            - Registered new binding: Screenshot - P
20:16:55.225 [FXGL Launcher Thread     ] DEBUG FXGLInput            - Registered new binding: Dev Options - CTRL+0
20:16:55.225 [FXGL Launcher Thread     ] DEBUG FXGLInput            - Registered new binding: Move Left - A
20:16:55.225 [FXGL Launcher Thread     ] DEBUG FXGLInput            - Registered new binding: Move Right - D
20:16:55.252 [FXGL Launcher Thread     ] DEBUG GameScene            - Game scene initialized: 480.0x800.0
20:16:55.257 [FXGL Launcher Thread     ] DEBUG FXGLAssetLoader      - Service [AssetLoader] initialized: cacheSize=35
20:16:55.260 [FXGL Launcher Thread     ] DEBUG FXGLAssetLoader      - Loading from disk: /assets/sounds/system/notification.wav
20:16:55.290 [FXGL Launcher Thread     ] DEBUG FXGLAssetLoader      - Loading from disk: /assets/sounds/menu/select.wav
20:16:55.292 [FXGL Launcher Thread     ] DEBUG FXGLAssetLoader      - Loading from disk: /assets/sounds/menu/back.wav
20:16:55.294 [FXGL Launcher Thread     ] DEBUG FXGLAssetLoader      - Loading from disk: /assets/sounds/menu/press.wav
20:16:55.296 [FXGL Launcher Thread     ] DEBUG FXGLAssetLoader      - Loading from disk: /assets/ui/fonts/Copperplate_Gothic_Light_Regular.ttf
20:16:55.376 [FXGL Launcher Thread     ] DEBUG FXGLAssetLoader      - Loading from disk: /assets/ui/css/fxgl.css
20:16:55.376 [FXGL Launcher Thread     ] DEBUG FXGLAssetLoader      - Loading from disk: /assets/ui/icons/fxgl_icon.png
20:16:55.412 [FXGL Launcher Thread     ] DEBUG FXGLAssetLoader      - Loading from disk: /assets/ui/css/fxgl_dark.css
20:16:55.421 [FXGL Launcher Thread     ] DEBUG FXGLDisplay          - Target size: DoubleProperty [value: 480.0] x DoubleProperty [value: 800.0] @ 1.0
20:16:55.421 [FXGL Launcher Thread     ] DEBUG FXGLDisplay          - New size:    480.0 x 800.0 @ DoubleProperty [value: 1.0]
20:16:55.421 [FXGL Launcher Thread     ] DEBUG FXGLDisplay          - Service [Display] initialized
20:16:55.421 [FXGL Launcher Thread     ] DEBUG FXGLDisplay          - Using CSS: CSS(externalForm=jar:file:/C:/Users/Shane/Downloads/FXGL-0.2.8-uber.jar!/assets/ui/css/fxgl_dark.css)
20:16:55.422 [FXGL Launcher Thread     ] DEBUG InitScenesTask       - Injecting loadingScene & gameScene
20:16:55.460 [FXGL Launcher Thread     ] DEBUG FXGLMasterTimer      - Service [MasterTimer] initialized
20:16:55.463 [FXGL Launcher Thread     ] DEBUG FXGLAudioPlayer      - Service [AudioPlayer] initialized
20:16:55.471 [FXGL Launcher Thread     ] DEBUG GameApplication      - Starting new game
20:16:55.472 [FXGL Launcher Thread     ] DEBUG GameApplication      - Initializing App
20:16:55.474 [FXGL Launcher Thread     ] DEBUG FXGLInput            - Clearing active input actions
20:16:55.474 [FXGL Launcher Thread     ] DEBUG FXGLMasterTimer      - Stopping master timer
20:16:55.474 [FXGL Launcher Thread     ] DEBUG GameApplication      - State: STARTUP -> PAUSED
20:16:55.474 [FXGL Launcher Thread     ] DEBUG FXGLEventBus         - Firing event: FXGLEvent[type=PAUSE]
20:16:55.475 [FXGL Launcher Thread     ] DEBUG FXGLInput            - Clearing active input actions
20:16:55.475 [FXGL Launcher Thread     ] DEBUG FXGLMasterTimer      - Resetting ticks and clearing all actions
20:16:55.476 [FXGL Launcher Thread     ] DEBUG GameWorld            - Resetting game world
20:16:55.476 [FXGL Launcher Thread     ] TRACE EntityWorld          - Resetting entity world
20:16:55.477 [FXGL Launcher Thread     ] DEBUG PhysicsWorld         - Resetting physics world
20:16:55.477 [FXGL Launcher Thread     ] DEBUG GameScene            - Resetting game scene
20:16:55.477 [FXGL Launcher Thread     ] DEBUG FXGLEventBus         - Firing event: FXGLEvent[type=RESET]
20:16:55.541 [FXGL Launcher Thread     ] DEBUG GameApplication      - State: PAUSED -> LOADING
20:16:55.574 [FXGL Background Thread 1 ] DEBUG InitAppTask          - Initializing Assets
20:16:55.575 [FXGL Background Thread 1 ] DEBUG InitAppTask          - Initializing Game
20:16:55.596 [FXGL Background Thread 1 ] DEBUG FXGLAssetLoader      - Loading from disk: /assets/textures/bucket.png
20:16:55.608 [FXGL Background Thread 1 ] DEBUG InitAppTask          - Initializing Physics
20:16:55.609 [FXGL Background Thread 1 ] DEBUG InitAppTask          - Initializing UI
20:16:55.609 [FXGL Background Thread 1 ] DEBUG InitAppTask          - Initialization Complete
20:16:55.630 [JavaFX Application Thread] DEBUG FXGLDisplay          - Showing stage
20:16:55.630 [JavaFX Application Thread] DEBUG FXGLDisplay          - Root size: 480.0x800.0
20:16:55.630 [JavaFX Application Thread] DEBUG FXGLDisplay          - Scene size: 480.0x800.0
20:16:55.630 [JavaFX Application Thread] DEBUG FXGLDisplay          - Stage size: 496.0x839.0
20:16:55.690 [JavaFX Application Thread] DEBUG FXGLInput            - Clearing active input actions
20:16:55.690 [JavaFX Application Thread] DEBUG FXGLMasterTimer      - Starting master timer
20:16:55.690 [JavaFX Application Thread] DEBUG GameApplication      - State: LOADING -> PLAYING
20:16:55.695 [JavaFX Application Thread] DEBUG FXGLEventBus         - Firing event: FXGLEvent[type=RESUME]
20:16:55.699 [JavaFX Application Thread] DEBUG GameScene            - Entity added to scene
20:16:55.700 [JavaFX Application Thread] DEBUG GameScene            - Added MainViewComponent
20:16:55.702 [JavaFX Application Thread] DEBUG GameScene            - Creating render group for layer: TOP(2147483647)
20:16:56.767 [JavaFX Application Thread] DEBUG FXGLAssetLoader      - Loading from disk: /assets/textures/droplet.png
20:16:56.772 [JavaFX Application Thread] DEBUG GameScene            - Entity added to scene
20:16:56.772 [JavaFX Application Thread] DEBUG GameScene            - Added MainViewComponent
20:16:57.798 [JavaFX Application Thread] DEBUG FXGLAssetLoader      - Loading from cache: /assets/textures/droplet.png
20:16:57.799 [JavaFX Application Thread] DEBUG GameScene            - Entity added to scene
20:16:57.799 [JavaFX Application Thread] DEBUG GameScene            - Added MainViewComponent
20:16:58.831 [JavaFX Application Thread] DEBUG FXGLAssetLoader      - Loading from cache: /assets/textures/droplet.png
20:16:58.832 [JavaFX Application Thread] DEBUG GameScene            - Entity added to scene
20:16:58.832 [JavaFX Application Thread] DEBUG GameScene            - Added MainViewComponent
20:16:59.865 [JavaFX Application Thread] DEBUG FXGLAssetLoader      - Loading from cache: /assets/textures/droplet.png
20:16:59.865 [JavaFX Application Thread] DEBUG GameScene            - Entity added to scene
20:16:59.865 [JavaFX Application Thread] DEBUG GameScene            - Added MainViewComponent
20:17:00.899 [JavaFX Application Thread] DEBUG FXGLAssetLoader      - Loading from cache: /assets/textures/droplet.png
20:17:00.901 [JavaFX Application Thread] DEBUG GameScene            - Entity added to scene
20:17:00.901 [JavaFX Application Thread] DEBUG GameScene            - Added MainViewComponent
20:17:01.932 [JavaFX Application Thread] DEBUG FXGLAssetLoader      - Loading from cache: /assets/textures/droplet.png
20:17:01.933 [JavaFX Application Thread] DEBUG GameScene            - Entity added to scene
20:17:01.933 [JavaFX Application Thread] DEBUG GameScene            - Added MainViewComponent
20:17:02.965 [JavaFX Application Thread] DEBUG FXGLAssetLoader      - Loading from cache: /assets/textures/droplet.png
20:17:02.965 [JavaFX Application Thread] DEBUG GameScene            - Entity added to scene
20:17:02.965 [JavaFX Application Thread] DEBUG GameScene            - Added MainViewComponent
20:17:03.999 [JavaFX Application Thread] DEBUG FXGLAssetLoader      - Loading from cache: /assets/textures/droplet.png
20:17:04.000 [JavaFX Application Thread] DEBUG GameScene            - Entity added to scene
20:17:04.000 [JavaFX Application Thread] DEBUG GameScene            - Added MainViewComponent
20:17:05.033 [JavaFX Application Thread] DEBUG FXGLAssetLoader      - Loading from cache: /assets/textures/droplet.png
20:17:05.034 [JavaFX Application Thread] DEBUG GameScene            - Entity added to scene
20:17:05.034 [JavaFX Application Thread] DEBUG GameScene            - Added MainViewComponent
20:17:06.065 [JavaFX Application Thread] DEBUG FXGLAssetLoader      - Loading from cache: /assets/textures/droplet.png
20:17:06.066 [JavaFX Application Thread] DEBUG GameScene            - Entity added to scene
20:17:06.066 [JavaFX Application Thread] DEBUG GameScene            - Added MainViewComponent
20:17:07.099 [JavaFX Application Thread] DEBUG FXGLAssetLoader      - Loading from cache: /assets/textures/droplet.png
20:17:07.099 [JavaFX Application Thread] DEBUG GameScene            - Entity added to scene
20:17:07.099 [JavaFX Application Thread] DEBUG GameScene            - Added MainViewComponent
20:17:08.132 [JavaFX Application Thread] DEBUG FXGLAssetLoader      - Loading from cache: /assets/textures/droplet.png
20:17:08.133 [JavaFX Application Thread] DEBUG GameScene            - Entity added to scene
20:17:08.133 [JavaFX Application Thread] DEBUG GameScene            - Added MainViewComponent
20:17:09.165 [JavaFX Application Thread] DEBUG FXGLAssetLoader      - Loading from cache: /assets/textures/droplet.png
20:17:09.165 [JavaFX Application Thread] DEBUG GameScene            - Entity added to scene
20:17:09.165 [JavaFX Application Thread] DEBUG GameScene            - Added MainViewComponent
20:17:10.198 [JavaFX Application Thread] DEBUG FXGLAssetLoader      - Loading from cache: /assets/textures/droplet.png
20:17:10.200 [JavaFX Application Thread] DEBUG GameScene            - Entity added to scene
20:17:10.200 [JavaFX Application Thread] DEBUG GameScene            - Added MainViewComponent
20:17:11.233 [JavaFX Application Thread] DEBUG FXGLAssetLoader      - Loading from cache: /assets/textures/droplet.png
20:17:11.234 [JavaFX Application Thread] DEBUG GameScene            - Entity added to scene
20:17:11.234 [JavaFX Application Thread] DEBUG GameScene            - Added MainViewComponent
20:17:12.266 [JavaFX Application Thread] DEBUG FXGLAssetLoader      - Loading from cache: /assets/textures/droplet.png
20:17:12.266 [JavaFX Application Thread] DEBUG GameScene            - Entity added to scene
20:17:12.267 [JavaFX Application Thread] DEBUG GameScene            - Added MainViewComponent
20:17:13.299 [JavaFX Application Thread] DEBUG FXGLAssetLoader      - Loading from cache: /assets/textures/droplet.png
20:17:13.300 [JavaFX Application Thread] DEBUG GameScene            - Entity added to scene
20:17:13.300 [JavaFX Application Thread] DEBUG GameScene            - Added MainViewComponent
20:17:14.332 [JavaFX Application Thread] DEBUG FXGLAssetLoader      - Loading from cache: /assets/textures/droplet.png
20:17:14.333 [JavaFX Application Thread] DEBUG GameScene            - Entity added to scene
20:17:14.333 [JavaFX Application Thread] DEBUG GameScene            - Added MainViewComponent
20:17:15.366 [JavaFX Application Thread] DEBUG FXGLAssetLoader      - Loading from cache: /assets/textures/droplet.png
20:17:15.367 [JavaFX Application Thread] DEBUG GameScene            - Entity added to scene
20:17:15.367 [JavaFX Application Thread] DEBUG GameScene            - Added MainViewComponent
20:17:16.399 [JavaFX Application Thread] DEBUG FXGLAssetLoader      - Loading from cache: /assets/textures/droplet.png
20:17:16.400 [JavaFX Application Thread] DEBUG GameScene            - Entity added to scene
20:17:16.400 [JavaFX Application Thread] DEBUG GameScene            - Added MainViewComponent
20:17:17.432 [JavaFX Application Thread] DEBUG FXGLAssetLoader      - Loading from cache: /assets/textures/droplet.png
20:17:17.433 [JavaFX Application Thread] DEBUG GameScene            - Entity added to scene
20:17:17.433 [JavaFX Application Thread] DEBUG GameScene            - Added MainViewComponent
20:17:18.465 [JavaFX Application Thread] DEBUG FXGLAssetLoader      - Loading from cache: /assets/textures/droplet.png
20:17:18.466 [JavaFX Application Thread] DEBUG GameScene            - Entity added to scene
20:17:18.466 [JavaFX Application Thread] DEBUG GameScene            - Added MainViewComponent
20:17:19.499 [JavaFX Application Thread] DEBUG FXGLAssetLoader      - Loading from cache: /assets/textures/droplet.png
20:17:19.500 [JavaFX Application Thread] DEBUG GameScene            - Entity added to scene
20:17:19.500 [JavaFX Application Thread] DEBUG GameScene            - Added MainViewComponent
20:17:20.533 [JavaFX Application Thread] DEBUG FXGLAssetLoader      - Loading from cache: /assets/textures/droplet.png
20:17:20.534 [JavaFX Application Thread] DEBUG GameScene            - Entity added to scene
20:17:20.534 [JavaFX Application Thread] DEBUG GameScene            - Added MainViewComponent
20:17:21.565 [JavaFX Application Thread] DEBUG FXGLAssetLoader      - Loading from cache: /assets/textures/droplet.png
20:17:21.567 [JavaFX Application Thread] DEBUG GameScene            - Entity added to scene
20:17:21.567 [JavaFX Application Thread] DEBUG GameScene            - Added MainViewComponent
20:17:22.598 [JavaFX Application Thread] DEBUG FXGLAssetLoader      - Loading from cache: /assets/textures/droplet.png
20:17:22.599 [JavaFX Application Thread] DEBUG GameScene            - Entity added to scene
20:17:22.600 [JavaFX Application Thread] DEBUG GameScene            - Added MainViewComponent
20:17:23.632 [JavaFX Application Thread] DEBUG FXGLAssetLoader      - Loading from cache: /assets/textures/droplet.png
20:17:23.633 [JavaFX Application Thread] DEBUG GameScene            - Entity added to scene
20:17:23.634 [JavaFX Application Thread] DEBUG GameScene            - Added MainViewComponent
20:17:24.666 [JavaFX Application Thread] DEBUG FXGLAssetLoader      - Loading from cache: /assets/textures/droplet.png
20:17:24.666 [JavaFX Application Thread] DEBUG GameScene            - Entity added to scene
20:17:24.666 [JavaFX Application Thread] DEBUG GameScene            - Added MainViewComponent
20:17:25.698 [JavaFX Application Thread] DEBUG FXGLAssetLoader      - Loading from cache: /assets/textures/droplet.png
20:17:25.699 [JavaFX Application Thread] DEBUG GameScene            - Entity added to scene
20:17:25.699 [JavaFX Application Thread] DEBUG GameScene            - Added MainViewComponent
20:17:26.732 [JavaFX Application Thread] DEBUG FXGLAssetLoader      - Loading from cache: /assets/textures/droplet.png
20:17:26.732 [JavaFX Application Thread] DEBUG GameScene            - Entity added to scene
20:17:26.733 [JavaFX Application Thread] DEBUG GameScene            - Added MainViewComponent
20:17:27.766 [JavaFX Application Thread] DEBUG FXGLAssetLoader      - Loading from cache: /assets/textures/droplet.png
20:17:27.767 [JavaFX Application Thread] DEBUG GameScene            - Entity added to scene
20:17:27.767 [JavaFX Application Thread] DEBUG GameScene            - Added MainViewComponent
20:17:28.799 [JavaFX Application Thread] DEBUG FXGLAssetLoader      - Loading from cache: /assets/textures/droplet.png
20:17:28.800 [JavaFX Application Thread] DEBUG GameScene            - Entity added to scene
20:17:28.800 [JavaFX Application Thread] DEBUG GameScene            - Added MainViewComponent
20:17:29.832 [JavaFX Application Thread] DEBUG FXGLAssetLoader      - Loading from cache: /assets/textures/droplet.png
20:17:29.832 [JavaFX Application Thread] DEBUG GameScene            - Entity added to scene
20:17:29.832 [JavaFX Application Thread] DEBUG GameScene            - Added MainViewComponent
20:17:30.867 [JavaFX Application Thread] DEBUG FXGLAssetLoader      - Loading from cache: /assets/textures/droplet.png
20:17:30.867 [JavaFX Application Thread] DEBUG GameScene            - Entity added to scene
20:17:30.867 [JavaFX Application Thread] DEBUG GameScene            - Added MainViewComponent
20:17:31.899 [JavaFX Application Thread] DEBUG FXGLAssetLoader      - Loading from cache: /assets/textures/droplet.png
20:17:31.899 [JavaFX Application Thread] DEBUG GameScene            - Entity added to scene
20:17:31.899 [JavaFX Application Thread] DEBUG GameScene            - Added MainViewComponent
20:17:32.916 [JavaFX Application Thread] DEBUG FXGLAssetLoader      - Loading from cache: /assets/textures/droplet.png
20:17:32.917 [JavaFX Application Thread] DEBUG GameScene            - Entity added to scene
20:17:32.917 [JavaFX Application Thread] DEBUG GameScene            - Added MainViewComponent
20:17:33.949 [JavaFX Application Thread] DEBUG FXGLAssetLoader      - Loading from cache: /assets/textures/droplet.png
20:17:33.950 [JavaFX Application Thread] DEBUG GameScene            - Entity added to scene
20:17:33.950 [JavaFX Application Thread] DEBUG GameScene            - Added MainViewComponent
20:17:34.982 [JavaFX Application Thread] DEBUG FXGLAssetLoader      - Loading from cache: /assets/textures/droplet.png
20:17:34.983 [JavaFX Application Thread] DEBUG GameScene            - Entity added to scene
20:17:34.983 [JavaFX Application Thread] DEBUG GameScene            - Added MainViewComponent
20:17:35.999 [JavaFX Application Thread] DEBUG FXGLAssetLoader      - Loading from cache: /assets/textures/droplet.png
20:17:35.999 [JavaFX Application Thread] DEBUG GameScene            - Entity added to scene
20:17:36.000 [JavaFX Application Thread] DEBUG GameScene            - Added MainViewComponent
20:17:37.016 [JavaFX Application Thread] DEBUG FXGLAssetLoader      - Loading from cache: /assets/textures/droplet.png
20:17:37.016 [JavaFX Application Thread] DEBUG GameScene            - Entity added to scene
20:17:37.016 [JavaFX Application Thread] DEBUG GameScene            - Added MainViewComponent
20:17:38.032 [JavaFX Application Thread] DEBUG FXGLAssetLoader      - Loading from cache: /assets/textures/droplet.png
20:17:38.032 [JavaFX Application Thread] DEBUG GameScene            - Entity added to scene
20:17:38.032 [JavaFX Application Thread] DEBUG GameScene            - Added MainViewComponent
20:17:39.049 [JavaFX Application Thread] DEBUG FXGLAssetLoader      - Loading from cache: /assets/textures/droplet.png
20:17:39.050 [JavaFX Application Thread] DEBUG GameScene            - Entity added to scene
20:17:39.050 [JavaFX Application Thread] DEBUG GameScene            - Added MainViewComponent
20:17:40.065 [JavaFX Application Thread] DEBUG FXGLAssetLoader      - Loading from cache: /assets/textures/droplet.png
20:17:40.065 [JavaFX Application Thread] DEBUG GameScene            - Entity added to scene
20:17:40.065 [JavaFX Application Thread] DEBUG GameScene            - Added MainViewComponent
20:17:41.081 [JavaFX Application Thread] DEBUG FXGLAssetLoader      - Loading from cache: /assets/textures/droplet.png
20:17:41.082 [JavaFX Application Thread] DEBUG GameScene            - Entity added to scene
20:17:41.082 [JavaFX Application Thread] DEBUG GameScene            - Added MainViewComponent
20:17:42.099 [JavaFX Application Thread] DEBUG FXGLAssetLoader      - Loading from cache: /assets/textures/droplet.png
20:17:42.099 [JavaFX Application Thread] DEBUG GameScene            - Entity added to scene
20:17:42.099 [JavaFX Application Thread] DEBUG GameScene            - Added MainViewComponent
20:17:43.116 [JavaFX Application Thread] DEBUG FXGLAssetLoader      - Loading from cache: /assets/textures/droplet.png
20:17:43.116 [JavaFX Application Thread] DEBUG GameScene            - Entity added to scene
20:17:43.116 [JavaFX Application Thread] DEBUG GameScene            - Added MainViewComponent
20:17:44.132 [JavaFX Application Thread] DEBUG FXGLAssetLoader      - Loading from cache: /assets/textures/droplet.png
20:17:44.132 [JavaFX Application Thread] DEBUG GameScene            - Entity added to scene
20:17:44.132 [JavaFX Application Thread] DEBUG GameScene            - Added MainViewComponent
20:17:45.151 [JavaFX Application Thread] DEBUG FXGLAssetLoader      - Loading from cache: /assets/textures/droplet.png
20:17:45.152 [JavaFX Application Thread] DEBUG GameScene            - Entity added to scene
20:17:45.152 [JavaFX Application Thread] DEBUG GameScene            - Added MainViewComponent
20:17:46.165 [JavaFX Application Thread] DEBUG FXGLAssetLoader      - Loading from cache: /assets/textures/droplet.png
20:17:46.166 [JavaFX Application Thread] DEBUG GameScene            - Entity added to scene
20:17:46.166 [JavaFX Application Thread] DEBUG GameScene            - Added MainViewComponent
20:17:47.182 [JavaFX Application Thread] DEBUG FXGLAssetLoader      - Loading from cache: /assets/textures/droplet.png
20:17:47.183 [JavaFX Application Thread] DEBUG GameScene            - Entity added to scene
20:17:47.183 [JavaFX Application Thread] DEBUG GameScene            - Added MainViewComponent
20:17:48.198 [JavaFX Application Thread] DEBUG FXGLAssetLoader      - Loading from cache: /assets/textures/droplet.png
20:17:48.199 [JavaFX Application Thread] DEBUG GameScene            - Entity added to scene
20:17:48.199 [JavaFX Application Thread] DEBUG GameScene            - Added MainViewComponent
20:17:49.216 [JavaFX Application Thread] DEBUG FXGLAssetLoader      - Loading from cache: /assets/textures/droplet.png
20:17:49.217 [JavaFX Application Thread] DEBUG GameScene            - Entity added to scene
20:17:49.217 [JavaFX Application Thread] DEBUG GameScene            - Added MainViewComponent
20:17:50.233 [JavaFX Application Thread] DEBUG FXGLAssetLoader      - Loading from cache: /assets/textures/droplet.png
20:17:50.234 [JavaFX Application Thread] DEBUG GameScene            - Entity added to scene
20:17:50.234 [JavaFX Application Thread] DEBUG GameScene            - Added MainViewComponent
20:17:50.764 [JavaFX Application Thread] DEBUG FXGLEventBus         - Firing event: DisplayEvent[type=CLOSE_REQUEST]
20:17:50.765 [JavaFX Application Thread] DEBUG FXGLEventBus         - Firing event: FXGLEvent[type=EXIT]
20:17:50.765 [JavaFX Application Thread] DEBUG FXGL                 - Saving FXGL system data
20:17:50.766 [JavaFX Application Thread] DEBUG IOTask               - Executing task: writeDataTask(system/fxgl.bundle)
20:17:50.768 [JavaFX Application Thread] DEBUG FS                   - Writing to: system\fxgl.bundle
20:17:50.771 [JavaFX Application Thread] DEBUG IOTask               - Task succeeded: writeDataTask(system/fxgl.bundle)
